#-----------------------------------------------------------
# Vivado v2018.3 (64-bit)
# SW Build 2405991 on Thu Dec  6 23:38:27 MST 2018
# IP Build 2404404 on Fri Dec  7 01:43:56 MST 2018
# Start of session at: Tue Jul 19 17:41:57 2022
# Process ID: 940
# Current directory: C:/Users/hao/Desktop/code/verilog/cpu
# Command line: vivado.exe -gui_launcher_event rodinguilauncherevent11348 C:\Users\hao\Desktop\code\verilog\cpu\cpu.xpr
# Log file: C:/Users/hao/Desktop/code/verilog/cpu/vivado.log
# Journal file: C:/Users/hao/Desktop/code/verilog/cpu\vivado.jou
#-----------------------------------------------------------
start_gui
open_project C:/Users/hao/Desktop/code/verilog/cpu/cpu.xpr
Scanning sources...
Finished scanning sources
WARNING: [filemgmt 56-3] IPUserFilesDir: Could not find the directory 'C:/Users/hao/Desktop/cpu/cpu.ip_user_files'.
INFO: [IP_Flow 19-234] Refreshing IP repositories
INFO: [IP_Flow 19-1704] No user IP repositories specified
INFO: [IP_Flow 19-2313] Loaded Vivado IP repository 'D:/vivado/Vivado/2018.3/data/ip'.
update_compile_order -fileset sources_1
launch_simulation
INFO: [Vivado 12-5698] Checking validity of IPs in the design for the 'XSim' simulator...
INFO: [Vivado 12-5682] Launching behavioral simulation in 'C:/Users/hao/Desktop/code/verilog/cpu/cpu.sim/sim_1/behav/xsim'
INFO: [Vivado 12-4795] Using compiled simulation libraries for IPs
INFO: [SIM-utils-51] Simulation object is 'sim_1'
INFO: [USF-XSim-7] Finding pre-compiled libraries...
INFO: [USF-XSim-11] File 'D:/vivado/Vivado/2018.3/data/xsim/xsim.ini' copied to run dir:'C:/Users/hao/Desktop/code/verilog/cpu/cpu.sim/sim_1/behav/xsim'
INFO: [SIM-utils-54] Inspecting design source files for 'cpuclk_sim' in fileset 'sim_1'...
INFO: [SIM-utils-43] Exported 'C:/Users/hao/Desktop/code/verilog/cpu/cpu.sim/sim_1/behav/xsim/DRAM.mif'
INFO: [SIM-utils-43] Exported 'C:/Users/hao/Desktop/code/verilog/cpu/cpu.sim/sim_1/behav/xsim/data_ram.coe'
INFO: [SIM-utils-43] Exported 'C:/Users/hao/Desktop/code/verilog/cpu/cpu.sim/sim_1/behav/xsim/IROM.mif'
INFO: [SIM-utils-43] Exported 'C:/Users/hao/Desktop/code/verilog/cpu/cpu.sim/sim_1/behav/xsim/inst_ram.coe'
INFO: [SIM-utils-43] Exported 'C:/Users/hao/Desktop/code/verilog/cpu/cpu.sim/sim_1/behav/xsim/inst_ram.coe'
INFO: [SIM-utils-43] Exported 'C:/Users/hao/Desktop/code/verilog/cpu/cpu.sim/sim_1/behav/xsim/data_ram.coe'
INFO: [SIM-utils-43] Exported 'C:/Users/hao/Desktop/code/verilog/cpu/cpu.sim/sim_1/behav/xsim/inst_ram_lab1.coe'
INFO: [SIM-utils-43] Exported 'C:/Users/hao/Desktop/code/verilog/cpu/cpu.sim/sim_1/behav/xsim/prgrom.dcp'
INFO: [USF-XSim-97] Finding global include files...
INFO: [USF-XSim-98] Fetching design files from 'sim_1'...
INFO: [USF-XSim-2] XSim::Compile design
INFO: [USF-XSim-61] Executing 'COMPILE and ANALYZE' step in 'C:/Users/hao/Desktop/code/verilog/cpu/cpu.sim/sim_1/behav/xsim'
"xvlog --incr --relax -prj cpuclk_sim_vlog.prj"
INFO: [VRFC 10-2263] Analyzing Verilog file "C:/Users/hao/Desktop/code/verilog/cpu/cpu.srcs/sources_1/new/param.v" into library xil_defaultlib
INFO: [VRFC 10-2263] Analyzing Verilog file "C:/Users/hao/Desktop/code/verilog/cpu/cpu.srcs/sources_1/ip/DRAM/sim/DRAM.v" into library xil_defaultlib
INFO: [VRFC 10-311] analyzing module DRAM
INFO: [VRFC 10-2263] Analyzing Verilog file "C:/Users/hao/Desktop/code/verilog/cpu/cpu.srcs/sources_1/ip/IROM/sim/IROM.v" into library xil_defaultlib
INFO: [VRFC 10-311] analyzing module IROM
INFO: [VRFC 10-2263] Analyzing Verilog file "C:/Users/hao/Desktop/code/verilog/cpu/cpu.srcs/sources_1/ip/cpuclk/cpuclk_clk_wiz.v" into library xil_defaultlib
INFO: [VRFC 10-311] analyzing module cpuclk_clk_wiz
INFO: [VRFC 10-2263] Analyzing Verilog file "C:/Users/hao/Desktop/code/verilog/cpu/cpu.srcs/sources_1/ip/cpuclk/cpuclk.v" into library xil_defaultlib
INFO: [VRFC 10-311] analyzing module cpuclk
INFO: [VRFC 10-2263] Analyzing Verilog file "C:/Users/hao/Desktop/code/verilog/cpu/cpu.srcs/sources_1/new/ALU_PLUS.v" into library xil_defaultlib
INFO: [VRFC 10-311] analyzing module ALU_PLUS
INFO: [VRFC 10-2263] Analyzing Verilog file "C:/Users/hao/Desktop/code/verilog/cpu/cpu.srcs/sources_1/new/BUS.v" into library xil_defaultlib
INFO: [VRFC 10-311] analyzing module BUS
INFO: [VRFC 10-2263] Analyzing Verilog file "C:/Users/hao/Desktop/code/verilog/cpu/cpu.srcs/sources_1/new/CTRL_PLUS.v" into library xil_defaultlib
INFO: [VRFC 10-311] analyzing module CTRL_PLUS
INFO: [VRFC 10-2263] Analyzing Verilog file "C:/Users/hao/Desktop/code/verilog/cpu/cpu.srcs/sources_1/new/DightDriver.v" into library xil_defaultlib
INFO: [VRFC 10-311] analyzing module DightDriver
INFO: [VRFC 10-2263] Analyzing Verilog file "C:/Users/hao/Desktop/code/verilog/cpu/cpu.srcs/sources_1/new/EX_MEM.v" into library xil_defaultlib
INFO: [VRFC 10-311] analyzing module EX_MEM
INFO: [VRFC 10-2263] Analyzing Verilog file "C:/Users/hao/Desktop/code/verilog/cpu/cpu.srcs/sources_1/new/HAVE_INST.v" into library xil_defaultlib
INFO: [VRFC 10-311] analyzing module HAVE_INST
INFO: [VRFC 10-2263] Analyzing Verilog file "C:/Users/hao/Desktop/code/verilog/cpu/cpu.srcs/sources_1/new/Hazard.v" into library xil_defaultlib
INFO: [VRFC 10-311] analyzing module Hazard
INFO: [VRFC 10-2263] Analyzing Verilog file "C:/Users/hao/Desktop/code/verilog/cpu/cpu.srcs/sources_1/new/ID_EX.v" into library xil_defaultlib
INFO: [VRFC 10-311] analyzing module ID_EX
INFO: [VRFC 10-2263] Analyzing Verilog file "C:/Users/hao/Desktop/code/verilog/cpu/cpu.srcs/sources_1/new/IF_ID.v" into library xil_defaultlib
INFO: [VRFC 10-311] analyzing module IF_ID
INFO: [VRFC 10-2263] Analyzing Verilog file "C:/Users/hao/Desktop/code/verilog/cpu/cpu.srcs/sources_1/new/LED.v" into library xil_defaultlib
INFO: [VRFC 10-311] analyzing module LED
INFO: [VRFC 10-2263] Analyzing Verilog file "C:/Users/hao/Desktop/code/verilog/cpu/cpu.srcs/sources_1/new/LOAD_PLUS.v" into library xil_defaultlib
INFO: [VRFC 10-311] analyzing module LOAD_PLUS
INFO: [VRFC 10-2263] Analyzing Verilog file "C:/Users/hao/Desktop/code/verilog/cpu/cpu.srcs/sources_1/new/MEM_WB.v" into library xil_defaultlib
INFO: [VRFC 10-311] analyzing module MEM_WB
INFO: [VRFC 10-2263] Analyzing Verilog file "C:/Users/hao/Desktop/code/verilog/cpu/cpu.srcs/sources_1/new/NPC_PLUS.v" into library xil_defaultlib
INFO: [VRFC 10-311] analyzing module NPC_PLUS
INFO: [VRFC 10-2263] Analyzing Verilog file "C:/Users/hao/Desktop/code/verilog/cpu/cpu.srcs/sources_1/new/PC_PLUS.v" into library xil_defaultlib
INFO: [VRFC 10-311] analyzing module PC_PLUS
INFO: [VRFC 10-2263] Analyzing Verilog file "C:/Users/hao/Desktop/code/verilog/cpu/cpu.srcs/sources_1/new/PipeLineCPU.v" into library xil_defaultlib
INFO: [VRFC 10-311] analyzing module PipeLineCPU
INFO: [VRFC 10-2263] Analyzing Verilog file "C:/Users/hao/Desktop/code/verilog/cpu/cpu.srcs/sources_1/new/RegFile_PLUS.v" into library xil_defaultlib
INFO: [VRFC 10-311] analyzing module RegFile_PLUS
INFO: [VRFC 10-2263] Analyzing Verilog file "C:/Users/hao/Desktop/code/verilog/cpu/cpu.srcs/sources_1/new/SEXT_PLUS.v" into library xil_defaultlib
INFO: [VRFC 10-311] analyzing module SEXT_PLUS
INFO: [VRFC 10-2263] Analyzing Verilog file "C:/Users/hao/Desktop/code/verilog/cpu/cpu.srcs/sources_1/new/STORE_PLUS.v" into library xil_defaultlib
INFO: [VRFC 10-311] analyzing module STORE_PLUS
INFO: [VRFC 10-2263] Analyzing Verilog file "C:/Users/hao/Desktop/code/verilog/cpu/cpu.srcs/sim_1/new/cpuclk_sim.v" into library xil_defaultlib
INFO: [VRFC 10-311] analyzing module cpuclk_sim
INFO: [USF-XSim-69] 'compile' step finished in '3' seconds
INFO: [USF-XSim-3] XSim::Elaborate design
INFO: [USF-XSim-61] Executing 'ELABORATE' step in 'C:/Users/hao/Desktop/code/verilog/cpu/cpu.sim/sim_1/behav/xsim'
Vivado Simulator 2018.3
Copyright 1986-1999, 2001-2018 Xilinx, Inc. All Rights Reserved.
Running: D:/vivado/Vivado/2018.3/bin/unwrapped/win64.o/xelab.exe -wto f924ca0449cd4293804ce734e84bc814 --incr --debug typical --relax --mt 2 -L dist_mem_gen_v8_0_12 -L xil_defaultlib -L unisims_ver -L unimacro_ver -L secureip -L xpm --snapshot cpuclk_sim_behav xil_defaultlib.cpuclk_sim xil_defaultlib.glbl -log elaborate.log 
Using 2 slave threads.
Starting static elaboration
WARNING: [VRFC 10-3091] actual bit length 16 differs from formal bit length 14 for port 'a' [C:/Users/hao/Desktop/code/verilog/cpu/cpu.srcs/sim_1/new/cpuclk_sim.v:157]
Completed static elaboration
Starting simulation data flow analysis
Completed simulation data flow analysis
Time Resolution for simulation is 1ps
Compiling module unisims_ver.IBUF
Compiling module unisims_ver.PLLE2_ADV(CLKFBOUT_MULT=44,CLKIN...
Compiling module unisims_ver.BUFG
Compiling module xil_defaultlib.cpuclk_clk_wiz
Compiling module xil_defaultlib.cpuclk
Compiling module dist_mem_gen_v8_0_12.dist_mem_gen_v8_0_12(C_FAMILY="a...
Compiling module xil_defaultlib.IROM
Compiling module xil_defaultlib.HAVE_INST
Compiling module xil_defaultlib.Hazard
Compiling module xil_defaultlib.PC_PLUS
Compiling module xil_defaultlib.NPC_PLUS
Compiling module xil_defaultlib.IF_ID
Compiling module xil_defaultlib.CTRL_PLUS
Compiling module xil_defaultlib.SEXT_PLUS
Compiling module xil_defaultlib.RegFile_PLUS
Compiling module xil_defaultlib.ID_EX
Compiling module xil_defaultlib.ALU_PLUS
Compiling module xil_defaultlib.EX_MEM
Compiling module xil_defaultlib.STORE_PLUS
Compiling module xil_defaultlib.LOAD_PLUS
Compiling module xil_defaultlib.MEM_WB
Compiling module xil_defaultlib.PipeLineCPU
Compiling module xil_defaultlib.BUS
Compiling module dist_mem_gen_v8_0_12.dist_mem_gen_v8_0_12(C_FAMILY="a...
Compiling module xil_defaultlib.DRAM
Compiling module xil_defaultlib.DightDriver
Compiling module xil_defaultlib.LED
Compiling module xil_defaultlib.cpuclk_sim
Compiling module xil_defaultlib.glbl
Built simulation snapshot cpuclk_sim_behav

****** Webtalk v2018.3 (64-bit)
  **** SW Build 2405991 on Thu Dec  6 23:38:27 MST 2018
  **** IP Build 2404404 on Fri Dec  7 01:43:56 MST 2018
    ** Copyright 1986-2018 Xilinx, Inc. All Rights Reserved.

source C:/Users/hao/Desktop/code/verilog/cpu/cpu.sim/sim_1/behav/xsim/xsim.dir/cpuclk_sim_behav/webtalk/xsim_webtalk.tcl -notrace
INFO: [Common 17-206] Exiting Webtalk at Tue Jul 19 17:42:34 2022...
INFO: [USF-XSim-69] 'elaborate' step finished in '5' seconds
INFO: [USF-XSim-4] XSim::Simulate design
INFO: [USF-XSim-61] Executing 'SIMULATE' step in 'C:/Users/hao/Desktop/code/verilog/cpu/cpu.sim/sim_1/behav/xsim'
INFO: [USF-XSim-98] *** Running xsim
   with args "cpuclk_sim_behav -key {Behavioral:sim_1:Functional:cpuclk_sim} -tclbatch {cpuclk_sim.tcl} -log {simulate.log}"
INFO: [USF-XSim-8] Loading simulator feature
Vivado Simulator 2018.3
Time resolution is 1 ps
source cpuclk_sim.tcl
# set curr_wave [current_wave_config]
# if { [string length $curr_wave] == 0 } {
#   if { [llength [get_objects]] > 0} {
#     add_wave /
#     set_property needs_save false [current_wave_config]
#   } else {
#      send_msg_id Add_Wave-1 WARNING "No top level signals found. Simulator will start without a wave window. If you want to open a wave window go to 'File->New Waveform Configuration' or type 'create_wave_config' in the TCL console."
#   }
# }
# log_wave -r /
WARNING: [Simtcl 6-197] One or more HDL objects could not be logged because of object type or size limitations.  To see details please rerun the command with -verbose (-v).
# run 100us
WARNING: This core is supplied with a behavioral model. To model cycle-accurate behavior you must run timing simulation.
WARNING: This core is supplied with a behavioral model. To model cycle-accurate behavior you must run timing simulation.
INFO: [USF-XSim-96] XSim completed. Design snapshot 'cpuclk_sim_behav' loaded.
INFO: [USF-XSim-97] XSim simulation ran for 100us
launch_simulation: Time (s): cpu = 00:00:08 ; elapsed = 00:00:13 . Memory (MB): peak = 791.320 ; gain = 27.016
run 10 us
run 100 us
close_sim
INFO: [Simtcl 6-16] Simulation closed
launch_simulation
INFO: [Vivado 12-5698] Checking validity of IPs in the design for the 'XSim' simulator...
INFO: [Vivado 12-5682] Launching behavioral simulation in 'C:/Users/hao/Desktop/code/verilog/cpu/cpu.sim/sim_1/behav/xsim'
INFO: [Vivado 12-4795] Using compiled simulation libraries for IPs
INFO: [SIM-utils-51] Simulation object is 'sim_1'
INFO: [USF-XSim-7] Finding pre-compiled libraries...
INFO: [USF-XSim-11] File 'D:/vivado/Vivado/2018.3/data/xsim/xsim.ini' copied to run dir:'C:/Users/hao/Desktop/code/verilog/cpu/cpu.sim/sim_1/behav/xsim'
INFO: [SIM-utils-54] Inspecting design source files for 'cpuclk_sim' in fileset 'sim_1'...
INFO: [SIM-utils-43] Exported 'C:/Users/hao/Desktop/code/verilog/cpu/cpu.sim/sim_1/behav/xsim/DRAM.mif'
INFO: [SIM-utils-43] Exported 'C:/Users/hao/Desktop/code/verilog/cpu/cpu.sim/sim_1/behav/xsim/data_ram.coe'
INFO: [SIM-utils-43] Exported 'C:/Users/hao/Desktop/code/verilog/cpu/cpu.sim/sim_1/behav/xsim/IROM.mif'
INFO: [SIM-utils-43] Exported 'C:/Users/hao/Desktop/code/verilog/cpu/cpu.sim/sim_1/behav/xsim/inst_ram.coe'
INFO: [SIM-utils-43] Exported 'C:/Users/hao/Desktop/code/verilog/cpu/cpu.sim/sim_1/behav/xsim/inst_ram.coe'
INFO: [SIM-utils-43] Exported 'C:/Users/hao/Desktop/code/verilog/cpu/cpu.sim/sim_1/behav/xsim/data_ram.coe'
INFO: [SIM-utils-43] Exported 'C:/Users/hao/Desktop/code/verilog/cpu/cpu.sim/sim_1/behav/xsim/inst_ram_lab1.coe'
INFO: [SIM-utils-43] Exported 'C:/Users/hao/Desktop/code/verilog/cpu/cpu.sim/sim_1/behav/xsim/prgrom.dcp'
INFO: [USF-XSim-97] Finding global include files...
INFO: [USF-XSim-98] Fetching design files from 'sim_1'...
INFO: [USF-XSim-2] XSim::Compile design
INFO: [USF-XSim-61] Executing 'COMPILE and ANALYZE' step in 'C:/Users/hao/Desktop/code/verilog/cpu/cpu.sim/sim_1/behav/xsim'
"xvlog --incr --relax -prj cpuclk_sim_vlog.prj"
INFO: [VRFC 10-2263] Analyzing Verilog file "C:/Users/hao/Desktop/code/verilog/cpu/cpu.srcs/sources_1/new/param.v" into library xil_defaultlib
INFO: [VRFC 10-2263] Analyzing Verilog file "C:/Users/hao/Desktop/code/verilog/cpu/cpu.srcs/sources_1/ip/DRAM/sim/DRAM.v" into library xil_defaultlib
INFO: [VRFC 10-311] analyzing module DRAM
INFO: [VRFC 10-2263] Analyzing Verilog file "C:/Users/hao/Desktop/code/verilog/cpu/cpu.srcs/sources_1/ip/IROM/sim/IROM.v" into library xil_defaultlib
INFO: [VRFC 10-311] analyzing module IROM
INFO: [VRFC 10-2263] Analyzing Verilog file "C:/Users/hao/Desktop/code/verilog/cpu/cpu.srcs/sources_1/ip/cpuclk/cpuclk_clk_wiz.v" into library xil_defaultlib
INFO: [VRFC 10-311] analyzing module cpuclk_clk_wiz
INFO: [VRFC 10-2263] Analyzing Verilog file "C:/Users/hao/Desktop/code/verilog/cpu/cpu.srcs/sources_1/ip/cpuclk/cpuclk.v" into library xil_defaultlib
INFO: [VRFC 10-311] analyzing module cpuclk
INFO: [VRFC 10-2263] Analyzing Verilog file "C:/Users/hao/Desktop/code/verilog/cpu/cpu.srcs/sources_1/new/ALU_PLUS.v" into library xil_defaultlib
INFO: [VRFC 10-311] analyzing module ALU_PLUS
INFO: [VRFC 10-2263] Analyzing Verilog file "C:/Users/hao/Desktop/code/verilog/cpu/cpu.srcs/sources_1/new/BUS.v" into library xil_defaultlib
INFO: [VRFC 10-311] analyzing module BUS
INFO: [VRFC 10-2263] Analyzing Verilog file "C:/Users/hao/Desktop/code/verilog/cpu/cpu.srcs/sources_1/new/CTRL_PLUS.v" into library xil_defaultlib
INFO: [VRFC 10-311] analyzing module CTRL_PLUS
INFO: [VRFC 10-2263] Analyzing Verilog file "C:/Users/hao/Desktop/code/verilog/cpu/cpu.srcs/sources_1/new/DightDriver.v" into library xil_defaultlib
INFO: [VRFC 10-311] analyzing module DightDriver
INFO: [VRFC 10-2263] Analyzing Verilog file "C:/Users/hao/Desktop/code/verilog/cpu/cpu.srcs/sources_1/new/EX_MEM.v" into library xil_defaultlib
INFO: [VRFC 10-311] analyzing module EX_MEM
INFO: [VRFC 10-2263] Analyzing Verilog file "C:/Users/hao/Desktop/code/verilog/cpu/cpu.srcs/sources_1/new/HAVE_INST.v" into library xil_defaultlib
INFO: [VRFC 10-311] analyzing module HAVE_INST
INFO: [VRFC 10-2263] Analyzing Verilog file "C:/Users/hao/Desktop/code/verilog/cpu/cpu.srcs/sources_1/new/Hazard.v" into library xil_defaultlib
INFO: [VRFC 10-311] analyzing module Hazard
INFO: [VRFC 10-2263] Analyzing Verilog file "C:/Users/hao/Desktop/code/verilog/cpu/cpu.srcs/sources_1/new/ID_EX.v" into library xil_defaultlib
INFO: [VRFC 10-311] analyzing module ID_EX
INFO: [VRFC 10-2263] Analyzing Verilog file "C:/Users/hao/Desktop/code/verilog/cpu/cpu.srcs/sources_1/new/IF_ID.v" into library xil_defaultlib
INFO: [VRFC 10-311] analyzing module IF_ID
INFO: [VRFC 10-2263] Analyzing Verilog file "C:/Users/hao/Desktop/code/verilog/cpu/cpu.srcs/sources_1/new/LED.v" into library xil_defaultlib
INFO: [VRFC 10-311] analyzing module LED
INFO: [VRFC 10-2263] Analyzing Verilog file "C:/Users/hao/Desktop/code/verilog/cpu/cpu.srcs/sources_1/new/LOAD_PLUS.v" into library xil_defaultlib
INFO: [VRFC 10-311] analyzing module LOAD_PLUS
INFO: [VRFC 10-2263] Analyzing Verilog file "C:/Users/hao/Desktop/code/verilog/cpu/cpu.srcs/sources_1/new/MEM_WB.v" into library xil_defaultlib
INFO: [VRFC 10-311] analyzing module MEM_WB
INFO: [VRFC 10-2263] Analyzing Verilog file "C:/Users/hao/Desktop/code/verilog/cpu/cpu.srcs/sources_1/new/NPC_PLUS.v" into library xil_defaultlib
INFO: [VRFC 10-311] analyzing module NPC_PLUS
INFO: [VRFC 10-2263] Analyzing Verilog file "C:/Users/hao/Desktop/code/verilog/cpu/cpu.srcs/sources_1/new/PC_PLUS.v" into library xil_defaultlib
INFO: [VRFC 10-311] analyzing module PC_PLUS
INFO: [VRFC 10-2263] Analyzing Verilog file "C:/Users/hao/Desktop/code/verilog/cpu/cpu.srcs/sources_1/new/PipeLineCPU.v" into library xil_defaultlib
INFO: [VRFC 10-311] analyzing module PipeLineCPU
INFO: [VRFC 10-2263] Analyzing Verilog file "C:/Users/hao/Desktop/code/verilog/cpu/cpu.srcs/sources_1/new/RegFile_PLUS.v" into library xil_defaultlib
INFO: [VRFC 10-311] analyzing module RegFile_PLUS
INFO: [VRFC 10-2263] Analyzing Verilog file "C:/Users/hao/Desktop/code/verilog/cpu/cpu.srcs/sources_1/new/SEXT_PLUS.v" into library xil_defaultlib
INFO: [VRFC 10-311] analyzing module SEXT_PLUS
INFO: [VRFC 10-2263] Analyzing Verilog file "C:/Users/hao/Desktop/code/verilog/cpu/cpu.srcs/sources_1/new/STORE_PLUS.v" into library xil_defaultlib
INFO: [VRFC 10-311] analyzing module STORE_PLUS
INFO: [VRFC 10-2263] Analyzing Verilog file "C:/Users/hao/Desktop/code/verilog/cpu/cpu.srcs/sim_1/new/cpuclk_sim.v" into library xil_defaultlib
INFO: [VRFC 10-311] analyzing module cpuclk_sim
INFO: [USF-XSim-69] 'compile' step finished in '1' seconds
INFO: [USF-XSim-3] XSim::Elaborate design
INFO: [USF-XSim-61] Executing 'ELABORATE' step in 'C:/Users/hao/Desktop/code/verilog/cpu/cpu.sim/sim_1/behav/xsim'
Vivado Simulator 2018.3
Copyright 1986-1999, 2001-2018 Xilinx, Inc. All Rights Reserved.
Running: D:/vivado/Vivado/2018.3/bin/unwrapped/win64.o/xelab.exe -wto f924ca0449cd4293804ce734e84bc814 --incr --debug typical --relax --mt 2 -L dist_mem_gen_v8_0_12 -L xil_defaultlib -L unisims_ver -L unimacro_ver -L secureip -L xpm --snapshot cpuclk_sim_behav xil_defaultlib.cpuclk_sim xil_defaultlib.glbl -log elaborate.log 
Using 2 slave threads.
Starting static elaboration
WARNING: [VRFC 10-3091] actual bit length 16 differs from formal bit length 14 for port 'a' [C:/Users/hao/Desktop/code/verilog/cpu/cpu.srcs/sim_1/new/cpuclk_sim.v:157]
Completed static elaboration
Starting simulation data flow analysis
Completed simulation data flow analysis
Time Resolution for simulation is 1ps
Compiling module unisims_ver.IBUF
Compiling module unisims_ver.PLLE2_ADV(CLKFBOUT_MULT=44,CLKIN...
Compiling module unisims_ver.BUFG
Compiling module xil_defaultlib.cpuclk_clk_wiz
Compiling module xil_defaultlib.cpuclk
Compiling module dist_mem_gen_v8_0_12.dist_mem_gen_v8_0_12(C_FAMILY="a...
Compiling module xil_defaultlib.IROM
Compiling module xil_defaultlib.HAVE_INST
Compiling module xil_defaultlib.Hazard
Compiling module xil_defaultlib.PC_PLUS
Compiling module xil_defaultlib.NPC_PLUS
Compiling module xil_defaultlib.IF_ID
Compiling module xil_defaultlib.CTRL_PLUS
Compiling module xil_defaultlib.SEXT_PLUS
Compiling module xil_defaultlib.RegFile_PLUS
Compiling module xil_defaultlib.ID_EX
Compiling module xil_defaultlib.ALU_PLUS
Compiling module xil_defaultlib.EX_MEM
Compiling module xil_defaultlib.STORE_PLUS
Compiling module xil_defaultlib.LOAD_PLUS
Compiling module xil_defaultlib.MEM_WB
Compiling module xil_defaultlib.PipeLineCPU
Compiling module xil_defaultlib.BUS
Compiling module dist_mem_gen_v8_0_12.dist_mem_gen_v8_0_12(C_FAMILY="a...
Compiling module xil_defaultlib.DRAM
Compiling module xil_defaultlib.DightDriver
Compiling module xil_defaultlib.LED
Compiling module xil_defaultlib.cpuclk_sim
Compiling module xil_defaultlib.glbl
Built simulation snapshot cpuclk_sim_behav
INFO: [USF-XSim-69] 'elaborate' step finished in '2' seconds
INFO: [USF-XSim-4] XSim::Simulate design
INFO: [USF-XSim-61] Executing 'SIMULATE' step in 'C:/Users/hao/Desktop/code/verilog/cpu/cpu.sim/sim_1/behav/xsim'
INFO: [USF-XSim-98] *** Running xsim
   with args "cpuclk_sim_behav -key {Behavioral:sim_1:Functional:cpuclk_sim} -tclbatch {cpuclk_sim.tcl} -log {simulate.log}"
INFO: [USF-XSim-8] Loading simulator feature
Vivado Simulator 2018.3
Time resolution is 1 ps
source cpuclk_sim.tcl
# set curr_wave [current_wave_config]
# if { [string length $curr_wave] == 0 } {
#   if { [llength [get_objects]] > 0} {
#     add_wave /
#     set_property needs_save false [current_wave_config]
#   } else {
#      send_msg_id Add_Wave-1 WARNING "No top level signals found. Simulator will start without a wave window. If you want to open a wave window go to 'File->New Waveform Configuration' or type 'create_wave_config' in the TCL console."
#   }
# }
# log_wave -r /
WARNING: [Simtcl 6-197] One or more HDL objects could not be logged because of object type or size limitations.  To see details please rerun the command with -verbose (-v).
# run 100us
WARNING: This core is supplied with a behavioral model. To model cycle-accurate behavior you must run timing simulation.
WARNING: This core is supplied with a behavioral model. To model cycle-accurate behavior you must run timing simulation.
INFO: [USF-XSim-96] XSim completed. Design snapshot 'cpuclk_sim_behav' loaded.
INFO: [USF-XSim-97] XSim simulation ran for 100us
launch_simulation: Time (s): cpu = 00:00:03 ; elapsed = 00:00:07 . Memory (MB): peak = 865.934 ; gain = 0.000
run 100 us
close_sim
INFO: [Simtcl 6-16] Simulation closed
launch_simulation
INFO: [Vivado 12-5698] Checking validity of IPs in the design for the 'XSim' simulator...
INFO: [Vivado 12-5682] Launching behavioral simulation in 'C:/Users/hao/Desktop/code/verilog/cpu/cpu.sim/sim_1/behav/xsim'
INFO: [Vivado 12-4795] Using compiled simulation libraries for IPs
INFO: [SIM-utils-51] Simulation object is 'sim_1'
INFO: [USF-XSim-7] Finding pre-compiled libraries...
INFO: [USF-XSim-11] File 'D:/vivado/Vivado/2018.3/data/xsim/xsim.ini' copied to run dir:'C:/Users/hao/Desktop/code/verilog/cpu/cpu.sim/sim_1/behav/xsim'
INFO: [SIM-utils-54] Inspecting design source files for 'cpuclk_sim' in fileset 'sim_1'...
INFO: [SIM-utils-43] Exported 'C:/Users/hao/Desktop/code/verilog/cpu/cpu.sim/sim_1/behav/xsim/DRAM.mif'
INFO: [SIM-utils-43] Exported 'C:/Users/hao/Desktop/code/verilog/cpu/cpu.sim/sim_1/behav/xsim/data_ram.coe'
INFO: [SIM-utils-43] Exported 'C:/Users/hao/Desktop/code/verilog/cpu/cpu.sim/sim_1/behav/xsim/IROM.mif'
INFO: [SIM-utils-43] Exported 'C:/Users/hao/Desktop/code/verilog/cpu/cpu.sim/sim_1/behav/xsim/inst_ram.coe'
INFO: [SIM-utils-43] Exported 'C:/Users/hao/Desktop/code/verilog/cpu/cpu.sim/sim_1/behav/xsim/inst_ram.coe'
INFO: [SIM-utils-43] Exported 'C:/Users/hao/Desktop/code/verilog/cpu/cpu.sim/sim_1/behav/xsim/data_ram.coe'
INFO: [SIM-utils-43] Exported 'C:/Users/hao/Desktop/code/verilog/cpu/cpu.sim/sim_1/behav/xsim/inst_ram_lab1.coe'
INFO: [SIM-utils-43] Exported 'C:/Users/hao/Desktop/code/verilog/cpu/cpu.sim/sim_1/behav/xsim/prgrom.dcp'
INFO: [USF-XSim-97] Finding global include files...
INFO: [USF-XSim-98] Fetching design files from 'sim_1'...
INFO: [USF-XSim-2] XSim::Compile design
INFO: [USF-XSim-61] Executing 'COMPILE and ANALYZE' step in 'C:/Users/hao/Desktop/code/verilog/cpu/cpu.sim/sim_1/behav/xsim'
"xvlog --incr --relax -prj cpuclk_sim_vlog.prj"
INFO: [VRFC 10-2263] Analyzing Verilog file "C:/Users/hao/Desktop/code/verilog/cpu/cpu.srcs/sources_1/new/param.v" into library xil_defaultlib
INFO: [VRFC 10-2263] Analyzing Verilog file "C:/Users/hao/Desktop/code/verilog/cpu/cpu.srcs/sources_1/ip/DRAM/sim/DRAM.v" into library xil_defaultlib
INFO: [VRFC 10-311] analyzing module DRAM
INFO: [VRFC 10-2263] Analyzing Verilog file "C:/Users/hao/Desktop/code/verilog/cpu/cpu.srcs/sources_1/ip/IROM/sim/IROM.v" into library xil_defaultlib
INFO: [VRFC 10-311] analyzing module IROM
INFO: [VRFC 10-2263] Analyzing Verilog file "C:/Users/hao/Desktop/code/verilog/cpu/cpu.srcs/sources_1/ip/cpuclk/cpuclk_clk_wiz.v" into library xil_defaultlib
INFO: [VRFC 10-311] analyzing module cpuclk_clk_wiz
INFO: [VRFC 10-2263] Analyzing Verilog file "C:/Users/hao/Desktop/code/verilog/cpu/cpu.srcs/sources_1/ip/cpuclk/cpuclk.v" into library xil_defaultlib
INFO: [VRFC 10-311] analyzing module cpuclk
INFO: [VRFC 10-2263] Analyzing Verilog file "C:/Users/hao/Desktop/code/verilog/cpu/cpu.srcs/sources_1/new/ALU_PLUS.v" into library xil_defaultlib
INFO: [VRFC 10-311] analyzing module ALU_PLUS
INFO: [VRFC 10-2263] Analyzing Verilog file "C:/Users/hao/Desktop/code/verilog/cpu/cpu.srcs/sources_1/new/BUS.v" into library xil_defaultlib
INFO: [VRFC 10-311] analyzing module BUS
INFO: [VRFC 10-2263] Analyzing Verilog file "C:/Users/hao/Desktop/code/verilog/cpu/cpu.srcs/sources_1/new/CTRL_PLUS.v" into library xil_defaultlib
INFO: [VRFC 10-311] analyzing module CTRL_PLUS
INFO: [VRFC 10-2263] Analyzing Verilog file "C:/Users/hao/Desktop/code/verilog/cpu/cpu.srcs/sources_1/new/DightDriver.v" into library xil_defaultlib
INFO: [VRFC 10-311] analyzing module DightDriver
INFO: [VRFC 10-2263] Analyzing Verilog file "C:/Users/hao/Desktop/code/verilog/cpu/cpu.srcs/sources_1/new/EX_MEM.v" into library xil_defaultlib
INFO: [VRFC 10-311] analyzing module EX_MEM
INFO: [VRFC 10-2263] Analyzing Verilog file "C:/Users/hao/Desktop/code/verilog/cpu/cpu.srcs/sources_1/new/HAVE_INST.v" into library xil_defaultlib
INFO: [VRFC 10-311] analyzing module HAVE_INST
INFO: [VRFC 10-2263] Analyzing Verilog file "C:/Users/hao/Desktop/code/verilog/cpu/cpu.srcs/sources_1/new/Hazard.v" into library xil_defaultlib
INFO: [VRFC 10-311] analyzing module Hazard
INFO: [VRFC 10-2458] undeclared symbol ex_alu_a, assumed default net type wire [C:/Users/hao/Desktop/code/verilog/cpu/cpu.srcs/sources_1/new/Hazard.v:57]
INFO: [VRFC 10-2263] Analyzing Verilog file "C:/Users/hao/Desktop/code/verilog/cpu/cpu.srcs/sources_1/new/ID_EX.v" into library xil_defaultlib
INFO: [VRFC 10-311] analyzing module ID_EX
INFO: [VRFC 10-2263] Analyzing Verilog file "C:/Users/hao/Desktop/code/verilog/cpu/cpu.srcs/sources_1/new/IF_ID.v" into library xil_defaultlib
INFO: [VRFC 10-311] analyzing module IF_ID
INFO: [VRFC 10-2263] Analyzing Verilog file "C:/Users/hao/Desktop/code/verilog/cpu/cpu.srcs/sources_1/new/LED.v" into library xil_defaultlib
INFO: [VRFC 10-311] analyzing module LED
INFO: [VRFC 10-2263] Analyzing Verilog file "C:/Users/hao/Desktop/code/verilog/cpu/cpu.srcs/sources_1/new/LOAD_PLUS.v" into library xil_defaultlib
INFO: [VRFC 10-311] analyzing module LOAD_PLUS
INFO: [VRFC 10-2263] Analyzing Verilog file "C:/Users/hao/Desktop/code/verilog/cpu/cpu.srcs/sources_1/new/MEM_WB.v" into library xil_defaultlib
INFO: [VRFC 10-311] analyzing module MEM_WB
INFO: [VRFC 10-2263] Analyzing Verilog file "C:/Users/hao/Desktop/code/verilog/cpu/cpu.srcs/sources_1/new/NPC_PLUS.v" into library xil_defaultlib
INFO: [VRFC 10-311] analyzing module NPC_PLUS
INFO: [VRFC 10-2263] Analyzing Verilog file "C:/Users/hao/Desktop/code/verilog/cpu/cpu.srcs/sources_1/new/PC_PLUS.v" into library xil_defaultlib
INFO: [VRFC 10-311] analyzing module PC_PLUS
INFO: [VRFC 10-2263] Analyzing Verilog file "C:/Users/hao/Desktop/code/verilog/cpu/cpu.srcs/sources_1/new/PipeLineCPU.v" into library xil_defaultlib
INFO: [VRFC 10-311] analyzing module PipeLineCPU
INFO: [VRFC 10-2263] Analyzing Verilog file "C:/Users/hao/Desktop/code/verilog/cpu/cpu.srcs/sources_1/new/RegFile_PLUS.v" into library xil_defaultlib
INFO: [VRFC 10-311] analyzing module RegFile_PLUS
INFO: [VRFC 10-2263] Analyzing Verilog file "C:/Users/hao/Desktop/code/verilog/cpu/cpu.srcs/sources_1/new/SEXT_PLUS.v" into library xil_defaultlib
INFO: [VRFC 10-311] analyzing module SEXT_PLUS
INFO: [VRFC 10-2263] Analyzing Verilog file "C:/Users/hao/Desktop/code/verilog/cpu/cpu.srcs/sources_1/new/STORE_PLUS.v" into library xil_defaultlib
INFO: [VRFC 10-311] analyzing module STORE_PLUS
INFO: [VRFC 10-2263] Analyzing Verilog file "C:/Users/hao/Desktop/code/verilog/cpu/cpu.srcs/sim_1/new/cpuclk_sim.v" into library xil_defaultlib
INFO: [VRFC 10-311] analyzing module cpuclk_sim
INFO: [USF-XSim-69] 'compile' step finished in '1' seconds
INFO: [USF-XSim-3] XSim::Elaborate design
INFO: [USF-XSim-61] Executing 'ELABORATE' step in 'C:/Users/hao/Desktop/code/verilog/cpu/cpu.sim/sim_1/behav/xsim'
Vivado Simulator 2018.3
Copyright 1986-1999, 2001-2018 Xilinx, Inc. All Rights Reserved.
Running: D:/vivado/Vivado/2018.3/bin/unwrapped/win64.o/xelab.exe -wto f924ca0449cd4293804ce734e84bc814 --incr --debug typical --relax --mt 2 -L dist_mem_gen_v8_0_12 -L xil_defaultlib -L unisims_ver -L unimacro_ver -L secureip -L xpm --snapshot cpuclk_sim_behav xil_defaultlib.cpuclk_sim xil_defaultlib.glbl -log elaborate.log 
Using 2 slave threads.
Starting static elaboration
WARNING: [VRFC 10-3091] actual bit length 16 differs from formal bit length 14 for port 'a' [C:/Users/hao/Desktop/code/verilog/cpu/cpu.srcs/sim_1/new/cpuclk_sim.v:157]
Completed static elaboration
Starting simulation data flow analysis
Completed simulation data flow analysis
Time Resolution for simulation is 1ps
Compiling module unisims_ver.IBUF
Compiling module unisims_ver.PLLE2_ADV(CLKFBOUT_MULT=44,CLKIN...
Compiling module unisims_ver.BUFG
Compiling module xil_defaultlib.cpuclk_clk_wiz
Compiling module xil_defaultlib.cpuclk
Compiling module dist_mem_gen_v8_0_12.dist_mem_gen_v8_0_12(C_FAMILY="a...
Compiling module xil_defaultlib.IROM
Compiling module xil_defaultlib.HAVE_INST
Compiling module xil_defaultlib.Hazard
Compiling module xil_defaultlib.PC_PLUS
Compiling module xil_defaultlib.NPC_PLUS
Compiling module xil_defaultlib.IF_ID
Compiling module xil_defaultlib.CTRL_PLUS
Compiling module xil_defaultlib.SEXT_PLUS
Compiling module xil_defaultlib.RegFile_PLUS
Compiling module xil_defaultlib.ID_EX
Compiling module xil_defaultlib.ALU_PLUS
Compiling module xil_defaultlib.EX_MEM
Compiling module xil_defaultlib.STORE_PLUS
Compiling module xil_defaultlib.LOAD_PLUS
Compiling module xil_defaultlib.MEM_WB
Compiling module xil_defaultlib.PipeLineCPU
Compiling module xil_defaultlib.BUS
Compiling module dist_mem_gen_v8_0_12.dist_mem_gen_v8_0_12(C_FAMILY="a...
Compiling module xil_defaultlib.DRAM
Compiling module xil_defaultlib.DightDriver
Compiling module xil_defaultlib.LED
Compiling module xil_defaultlib.cpuclk_sim
Compiling module xil_defaultlib.glbl
Built simulation snapshot cpuclk_sim_behav
INFO: [USF-XSim-69] 'elaborate' step finished in '2' seconds
INFO: [USF-XSim-4] XSim::Simulate design
INFO: [USF-XSim-61] Executing 'SIMULATE' step in 'C:/Users/hao/Desktop/code/verilog/cpu/cpu.sim/sim_1/behav/xsim'
INFO: [USF-XSim-98] *** Running xsim
   with args "cpuclk_sim_behav -key {Behavioral:sim_1:Functional:cpuclk_sim} -tclbatch {cpuclk_sim.tcl} -log {simulate.log}"
INFO: [USF-XSim-8] Loading simulator feature
Vivado Simulator 2018.3
Time resolution is 1 ps
source cpuclk_sim.tcl
# set curr_wave [current_wave_config]
# if { [string length $curr_wave] == 0 } {
#   if { [llength [get_objects]] > 0} {
#     add_wave /
#     set_property needs_save false [current_wave_config]
#   } else {
#      send_msg_id Add_Wave-1 WARNING "No top level signals found. Simulator will start without a wave window. If you want to open a wave window go to 'File->New Waveform Configuration' or type 'create_wave_config' in the TCL console."
#   }
# }
# log_wave -r /
WARNING: [Simtcl 6-197] One or more HDL objects could not be logged because of object type or size limitations.  To see details please rerun the command with -verbose (-v).
# run 100us
WARNING: This core is supplied with a behavioral model. To model cycle-accurate behavior you must run timing simulation.
WARNING: This core is supplied with a behavioral model. To model cycle-accurate behavior you must run timing simulation.
WARNING in cpuclk_sim.irom.inst at time             25599546 ns: 
Reading from out-of-range address. Max address in cpuclk_sim.irom.inst is       16383
WARNING in cpuclk_sim.dram.inst at time             25599546 ns: 
Reading from out-of-range address. Max address in cpuclk_sim.dram.inst is       16383
WARNING in cpuclk_sim.dram.inst at time             25626822 ns: 
Reading from out-of-range address. Max address in cpuclk_sim.dram.inst is       16383
INFO: [USF-XSim-96] XSim completed. Design snapshot 'cpuclk_sim_behav' loaded.
INFO: [USF-XSim-97] XSim simulation ran for 100us
launch_simulation: Time (s): cpu = 00:00:03 ; elapsed = 00:00:08 . Memory (MB): peak = 865.934 ; gain = 0.000
run 100 us
relaunch_sim
INFO: [Vivado 12-5698] Checking validity of IPs in the design for the 'XSim' simulator...
INFO: [Vivado 12-5682] Launching behavioral simulation in 'C:/Users/hao/Desktop/code/verilog/cpu/cpu.sim/sim_1/behav/xsim'
INFO: [Vivado 12-4795] Using compiled simulation libraries for IPs
INFO: [SIM-utils-51] Simulation object is 'sim_1'
INFO: [USF-XSim-7] Finding pre-compiled libraries...
INFO: [USF-XSim-11] File 'D:/vivado/Vivado/2018.3/data/xsim/xsim.ini' copied to run dir:'C:/Users/hao/Desktop/code/verilog/cpu/cpu.sim/sim_1/behav/xsim'
INFO: [SIM-utils-54] Inspecting design source files for 'cpuclk_sim' in fileset 'sim_1'...
INFO: [SIM-utils-43] Exported 'C:/Users/hao/Desktop/code/verilog/cpu/cpu.sim/sim_1/behav/xsim/DRAM.mif'
INFO: [SIM-utils-43] Exported 'C:/Users/hao/Desktop/code/verilog/cpu/cpu.sim/sim_1/behav/xsim/data_ram.coe'
INFO: [SIM-utils-43] Exported 'C:/Users/hao/Desktop/code/verilog/cpu/cpu.sim/sim_1/behav/xsim/IROM.mif'
INFO: [SIM-utils-43] Exported 'C:/Users/hao/Desktop/code/verilog/cpu/cpu.sim/sim_1/behav/xsim/inst_ram.coe'
INFO: [SIM-utils-43] Exported 'C:/Users/hao/Desktop/code/verilog/cpu/cpu.sim/sim_1/behav/xsim/inst_ram.coe'
INFO: [SIM-utils-43] Exported 'C:/Users/hao/Desktop/code/verilog/cpu/cpu.sim/sim_1/behav/xsim/data_ram.coe'
INFO: [SIM-utils-43] Exported 'C:/Users/hao/Desktop/code/verilog/cpu/cpu.sim/sim_1/behav/xsim/inst_ram_lab1.coe'
INFO: [SIM-utils-43] Exported 'C:/Users/hao/Desktop/code/verilog/cpu/cpu.sim/sim_1/behav/xsim/prgrom.dcp'
INFO: [USF-XSim-97] Finding global include files...
INFO: [USF-XSim-98] Fetching design files from 'sim_1'...
INFO: [USF-XSim-2] XSim::Compile design
INFO: [USF-XSim-61] Executing 'COMPILE and ANALYZE' step in 'C:/Users/hao/Desktop/code/verilog/cpu/cpu.sim/sim_1/behav/xsim'
"xvlog --incr --relax -prj cpuclk_sim_vlog.prj"
INFO: [VRFC 10-2263] Analyzing Verilog file "C:/Users/hao/Desktop/code/verilog/cpu/cpu.srcs/sources_1/new/param.v" into library xil_defaultlib
INFO: [VRFC 10-2263] Analyzing Verilog file "C:/Users/hao/Desktop/code/verilog/cpu/cpu.srcs/sources_1/ip/DRAM/sim/DRAM.v" into library xil_defaultlib
INFO: [VRFC 10-311] analyzing module DRAM
INFO: [VRFC 10-2263] Analyzing Verilog file "C:/Users/hao/Desktop/code/verilog/cpu/cpu.srcs/sources_1/ip/IROM/sim/IROM.v" into library xil_defaultlib
INFO: [VRFC 10-311] analyzing module IROM
INFO: [VRFC 10-2263] Analyzing Verilog file "C:/Users/hao/Desktop/code/verilog/cpu/cpu.srcs/sources_1/ip/cpuclk/cpuclk_clk_wiz.v" into library xil_defaultlib
INFO: [VRFC 10-311] analyzing module cpuclk_clk_wiz
INFO: [VRFC 10-2263] Analyzing Verilog file "C:/Users/hao/Desktop/code/verilog/cpu/cpu.srcs/sources_1/ip/cpuclk/cpuclk.v" into library xil_defaultlib
INFO: [VRFC 10-311] analyzing module cpuclk
INFO: [VRFC 10-2263] Analyzing Verilog file "C:/Users/hao/Desktop/code/verilog/cpu/cpu.srcs/sources_1/new/ALU_PLUS.v" into library xil_defaultlib
INFO: [VRFC 10-311] analyzing module ALU_PLUS
INFO: [VRFC 10-2263] Analyzing Verilog file "C:/Users/hao/Desktop/code/verilog/cpu/cpu.srcs/sources_1/new/BUS.v" into library xil_defaultlib
INFO: [VRFC 10-311] analyzing module BUS
INFO: [VRFC 10-2263] Analyzing Verilog file "C:/Users/hao/Desktop/code/verilog/cpu/cpu.srcs/sources_1/new/CTRL_PLUS.v" into library xil_defaultlib
INFO: [VRFC 10-311] analyzing module CTRL_PLUS
INFO: [VRFC 10-2263] Analyzing Verilog file "C:/Users/hao/Desktop/code/verilog/cpu/cpu.srcs/sources_1/new/DightDriver.v" into library xil_defaultlib
INFO: [VRFC 10-311] analyzing module DightDriver
INFO: [VRFC 10-2263] Analyzing Verilog file "C:/Users/hao/Desktop/code/verilog/cpu/cpu.srcs/sources_1/new/EX_MEM.v" into library xil_defaultlib
INFO: [VRFC 10-311] analyzing module EX_MEM
INFO: [VRFC 10-2263] Analyzing Verilog file "C:/Users/hao/Desktop/code/verilog/cpu/cpu.srcs/sources_1/new/HAVE_INST.v" into library xil_defaultlib
INFO: [VRFC 10-311] analyzing module HAVE_INST
INFO: [VRFC 10-2263] Analyzing Verilog file "C:/Users/hao/Desktop/code/verilog/cpu/cpu.srcs/sources_1/new/Hazard.v" into library xil_defaultlib
INFO: [VRFC 10-311] analyzing module Hazard
INFO: [VRFC 10-2458] undeclared symbol ex_alu_a, assumed default net type wire [C:/Users/hao/Desktop/code/verilog/cpu/cpu.srcs/sources_1/new/Hazard.v:55]
INFO: [VRFC 10-2458] undeclared symbol mem_store_rd2, assumed default net type wire [C:/Users/hao/Desktop/code/verilog/cpu/cpu.srcs/sources_1/new/Hazard.v:56]
INFO: [VRFC 10-2263] Analyzing Verilog file "C:/Users/hao/Desktop/code/verilog/cpu/cpu.srcs/sources_1/new/ID_EX.v" into library xil_defaultlib
INFO: [VRFC 10-311] analyzing module ID_EX
INFO: [VRFC 10-2263] Analyzing Verilog file "C:/Users/hao/Desktop/code/verilog/cpu/cpu.srcs/sources_1/new/IF_ID.v" into library xil_defaultlib
INFO: [VRFC 10-311] analyzing module IF_ID
INFO: [VRFC 10-2263] Analyzing Verilog file "C:/Users/hao/Desktop/code/verilog/cpu/cpu.srcs/sources_1/new/LED.v" into library xil_defaultlib
INFO: [VRFC 10-311] analyzing module LED
INFO: [VRFC 10-2263] Analyzing Verilog file "C:/Users/hao/Desktop/code/verilog/cpu/cpu.srcs/sources_1/new/LOAD_PLUS.v" into library xil_defaultlib
INFO: [VRFC 10-311] analyzing module LOAD_PLUS
INFO: [VRFC 10-2263] Analyzing Verilog file "C:/Users/hao/Desktop/code/verilog/cpu/cpu.srcs/sources_1/new/MEM_WB.v" into library xil_defaultlib
INFO: [VRFC 10-311] analyzing module MEM_WB
INFO: [VRFC 10-2263] Analyzing Verilog file "C:/Users/hao/Desktop/code/verilog/cpu/cpu.srcs/sources_1/new/NPC_PLUS.v" into library xil_defaultlib
INFO: [VRFC 10-311] analyzing module NPC_PLUS
INFO: [VRFC 10-2263] Analyzing Verilog file "C:/Users/hao/Desktop/code/verilog/cpu/cpu.srcs/sources_1/new/PC_PLUS.v" into library xil_defaultlib
INFO: [VRFC 10-311] analyzing module PC_PLUS
INFO: [VRFC 10-2263] Analyzing Verilog file "C:/Users/hao/Desktop/code/verilog/cpu/cpu.srcs/sources_1/new/PipeLineCPU.v" into library xil_defaultlib
INFO: [VRFC 10-311] analyzing module PipeLineCPU
INFO: [VRFC 10-2263] Analyzing Verilog file "C:/Users/hao/Desktop/code/verilog/cpu/cpu.srcs/sources_1/new/RegFile_PLUS.v" into library xil_defaultlib
INFO: [VRFC 10-311] analyzing module RegFile_PLUS
INFO: [VRFC 10-2263] Analyzing Verilog file "C:/Users/hao/Desktop/code/verilog/cpu/cpu.srcs/sources_1/new/SEXT_PLUS.v" into library xil_defaultlib
INFO: [VRFC 10-311] analyzing module SEXT_PLUS
INFO: [VRFC 10-2263] Analyzing Verilog file "C:/Users/hao/Desktop/code/verilog/cpu/cpu.srcs/sources_1/new/STORE_PLUS.v" into library xil_defaultlib
INFO: [VRFC 10-311] analyzing module STORE_PLUS
INFO: [VRFC 10-2263] Analyzing Verilog file "C:/Users/hao/Desktop/code/verilog/cpu/cpu.srcs/sim_1/new/cpuclk_sim.v" into library xil_defaultlib
INFO: [VRFC 10-311] analyzing module cpuclk_sim
INFO: [USF-XSim-69] 'compile' step finished in '1' seconds
INFO: [Vivado 12-5698] Checking validity of IPs in the design for the 'XSim' simulator...
INFO: [Vivado 12-5682] Launching behavioral simulation in 'C:/Users/hao/Desktop/code/verilog/cpu/cpu.sim/sim_1/behav/xsim'
INFO: [Vivado 12-4795] Using compiled simulation libraries for IPs
INFO: [USF-XSim-3] XSim::Elaborate design
INFO: [USF-XSim-61] Executing 'ELABORATE' step in 'C:/Users/hao/Desktop/code/verilog/cpu/cpu.sim/sim_1/behav/xsim'
Vivado Simulator 2018.3
Copyright 1986-1999, 2001-2018 Xilinx, Inc. All Rights Reserved.
Running: D:/vivado/Vivado/2018.3/bin/unwrapped/win64.o/xelab.exe -wto f924ca0449cd4293804ce734e84bc814 --incr --debug typical --relax --mt 2 -L dist_mem_gen_v8_0_12 -L xil_defaultlib -L unisims_ver -L unimacro_ver -L secureip -L xpm --snapshot cpuclk_sim_behav xil_defaultlib.cpuclk_sim xil_defaultlib.glbl -log elaborate.log 
Using 2 slave threads.
Starting static elaboration
WARNING: [VRFC 10-3091] actual bit length 16 differs from formal bit length 14 for port 'a' [C:/Users/hao/Desktop/code/verilog/cpu/cpu.srcs/sim_1/new/cpuclk_sim.v:157]
Completed static elaboration
Starting simulation data flow analysis
Completed simulation data flow analysis
Time Resolution for simulation is 1ps
Compiling module unisims_ver.IBUF
Compiling module unisims_ver.PLLE2_ADV(CLKFBOUT_MULT=44,CLKIN...
Compiling module unisims_ver.BUFG
Compiling module xil_defaultlib.cpuclk_clk_wiz
Compiling module xil_defaultlib.cpuclk
Compiling module dist_mem_gen_v8_0_12.dist_mem_gen_v8_0_12(C_FAMILY="a...
Compiling module xil_defaultlib.IROM
Compiling module xil_defaultlib.HAVE_INST
Compiling module xil_defaultlib.Hazard
Compiling module xil_defaultlib.PC_PLUS
Compiling module xil_defaultlib.NPC_PLUS
Compiling module xil_defaultlib.IF_ID
Compiling module xil_defaultlib.CTRL_PLUS
Compiling module xil_defaultlib.SEXT_PLUS
Compiling module xil_defaultlib.RegFile_PLUS
Compiling module xil_defaultlib.ID_EX
Compiling module xil_defaultlib.ALU_PLUS
Compiling module xil_defaultlib.EX_MEM
Compiling module xil_defaultlib.STORE_PLUS
Compiling module xil_defaultlib.LOAD_PLUS
Compiling module xil_defaultlib.MEM_WB
Compiling module xil_defaultlib.PipeLineCPU
Compiling module xil_defaultlib.BUS
Compiling module dist_mem_gen_v8_0_12.dist_mem_gen_v8_0_12(C_FAMILY="a...
Compiling module xil_defaultlib.DRAM
Compiling module xil_defaultlib.DightDriver
Compiling module xil_defaultlib.LED
Compiling module xil_defaultlib.cpuclk_sim
Compiling module xil_defaultlib.glbl
Built simulation snapshot cpuclk_sim_behav
INFO: [USF-XSim-69] 'elaborate' step finished in '2' seconds
Vivado Simulator 2018.3
Time resolution is 1 ps
WARNING: [Simtcl 6-197] One or more HDL objects could not be logged because of object type or size limitations.  To see details please rerun the command with -verbose (-v).
WARNING: This core is supplied with a behavioral model. To model cycle-accurate behavior you must run timing simulation.
WARNING: This core is supplied with a behavioral model. To model cycle-accurate behavior you must run timing simulation.
relaunch_sim: Time (s): cpu = 00:00:02 ; elapsed = 00:00:10 . Memory (MB): peak = 869.234 ; gain = 0.000
close_sim
INFO: [Simtcl 6-16] Simulation closed
launch_simulation
INFO: [Vivado 12-5698] Checking validity of IPs in the design for the 'XSim' simulator...
INFO: [Vivado 12-5682] Launching behavioral simulation in 'C:/Users/hao/Desktop/code/verilog/cpu/cpu.sim/sim_1/behav/xsim'
INFO: [Vivado 12-4795] Using compiled simulation libraries for IPs
INFO: [SIM-utils-51] Simulation object is 'sim_1'
INFO: [USF-XSim-7] Finding pre-compiled libraries...
INFO: [USF-XSim-11] File 'D:/vivado/Vivado/2018.3/data/xsim/xsim.ini' copied to run dir:'C:/Users/hao/Desktop/code/verilog/cpu/cpu.sim/sim_1/behav/xsim'
INFO: [SIM-utils-54] Inspecting design source files for 'cpuclk_sim' in fileset 'sim_1'...
INFO: [SIM-utils-43] Exported 'C:/Users/hao/Desktop/code/verilog/cpu/cpu.sim/sim_1/behav/xsim/DRAM.mif'
INFO: [SIM-utils-43] Exported 'C:/Users/hao/Desktop/code/verilog/cpu/cpu.sim/sim_1/behav/xsim/data_ram.coe'
INFO: [SIM-utils-43] Exported 'C:/Users/hao/Desktop/code/verilog/cpu/cpu.sim/sim_1/behav/xsim/IROM.mif'
INFO: [SIM-utils-43] Exported 'C:/Users/hao/Desktop/code/verilog/cpu/cpu.sim/sim_1/behav/xsim/inst_ram.coe'
INFO: [SIM-utils-43] Exported 'C:/Users/hao/Desktop/code/verilog/cpu/cpu.sim/sim_1/behav/xsim/inst_ram.coe'
INFO: [SIM-utils-43] Exported 'C:/Users/hao/Desktop/code/verilog/cpu/cpu.sim/sim_1/behav/xsim/data_ram.coe'
INFO: [SIM-utils-43] Exported 'C:/Users/hao/Desktop/code/verilog/cpu/cpu.sim/sim_1/behav/xsim/inst_ram_lab1.coe'
INFO: [SIM-utils-43] Exported 'C:/Users/hao/Desktop/code/verilog/cpu/cpu.sim/sim_1/behav/xsim/prgrom.dcp'
INFO: [USF-XSim-97] Finding global include files...
INFO: [USF-XSim-98] Fetching design files from 'sim_1'...
INFO: [USF-XSim-2] XSim::Compile design
INFO: [USF-XSim-61] Executing 'COMPILE and ANALYZE' step in 'C:/Users/hao/Desktop/code/verilog/cpu/cpu.sim/sim_1/behav/xsim'
"xvlog --incr --relax -prj cpuclk_sim_vlog.prj"
INFO: [VRFC 10-2263] Analyzing Verilog file "C:/Users/hao/Desktop/code/verilog/cpu/cpu.srcs/sources_1/new/param.v" into library xil_defaultlib
INFO: [VRFC 10-2263] Analyzing Verilog file "C:/Users/hao/Desktop/code/verilog/cpu/cpu.srcs/sources_1/ip/DRAM/sim/DRAM.v" into library xil_defaultlib
INFO: [VRFC 10-311] analyzing module DRAM
INFO: [VRFC 10-2263] Analyzing Verilog file "C:/Users/hao/Desktop/code/verilog/cpu/cpu.srcs/sources_1/ip/IROM/sim/IROM.v" into library xil_defaultlib
INFO: [VRFC 10-311] analyzing module IROM
INFO: [VRFC 10-2263] Analyzing Verilog file "C:/Users/hao/Desktop/code/verilog/cpu/cpu.srcs/sources_1/ip/cpuclk/cpuclk_clk_wiz.v" into library xil_defaultlib
INFO: [VRFC 10-311] analyzing module cpuclk_clk_wiz
INFO: [VRFC 10-2263] Analyzing Verilog file "C:/Users/hao/Desktop/code/verilog/cpu/cpu.srcs/sources_1/ip/cpuclk/cpuclk.v" into library xil_defaultlib
INFO: [VRFC 10-311] analyzing module cpuclk
INFO: [VRFC 10-2263] Analyzing Verilog file "C:/Users/hao/Desktop/code/verilog/cpu/cpu.srcs/sources_1/new/ALU_PLUS.v" into library xil_defaultlib
INFO: [VRFC 10-311] analyzing module ALU_PLUS
INFO: [VRFC 10-2263] Analyzing Verilog file "C:/Users/hao/Desktop/code/verilog/cpu/cpu.srcs/sources_1/new/BUS.v" into library xil_defaultlib
INFO: [VRFC 10-311] analyzing module BUS
INFO: [VRFC 10-2263] Analyzing Verilog file "C:/Users/hao/Desktop/code/verilog/cpu/cpu.srcs/sources_1/new/CTRL_PLUS.v" into library xil_defaultlib
INFO: [VRFC 10-311] analyzing module CTRL_PLUS
INFO: [VRFC 10-2263] Analyzing Verilog file "C:/Users/hao/Desktop/code/verilog/cpu/cpu.srcs/sources_1/new/DightDriver.v" into library xil_defaultlib
INFO: [VRFC 10-311] analyzing module DightDriver
INFO: [VRFC 10-2263] Analyzing Verilog file "C:/Users/hao/Desktop/code/verilog/cpu/cpu.srcs/sources_1/new/EX_MEM.v" into library xil_defaultlib
INFO: [VRFC 10-311] analyzing module EX_MEM
INFO: [VRFC 10-2263] Analyzing Verilog file "C:/Users/hao/Desktop/code/verilog/cpu/cpu.srcs/sources_1/new/HAVE_INST.v" into library xil_defaultlib
INFO: [VRFC 10-311] analyzing module HAVE_INST
INFO: [VRFC 10-2263] Analyzing Verilog file "C:/Users/hao/Desktop/code/verilog/cpu/cpu.srcs/sources_1/new/Hazard.v" into library xil_defaultlib
INFO: [VRFC 10-311] analyzing module Hazard
INFO: [VRFC 10-2263] Analyzing Verilog file "C:/Users/hao/Desktop/code/verilog/cpu/cpu.srcs/sources_1/new/ID_EX.v" into library xil_defaultlib
INFO: [VRFC 10-311] analyzing module ID_EX
INFO: [VRFC 10-2263] Analyzing Verilog file "C:/Users/hao/Desktop/code/verilog/cpu/cpu.srcs/sources_1/new/IF_ID.v" into library xil_defaultlib
INFO: [VRFC 10-311] analyzing module IF_ID
INFO: [VRFC 10-2263] Analyzing Verilog file "C:/Users/hao/Desktop/code/verilog/cpu/cpu.srcs/sources_1/new/LED.v" into library xil_defaultlib
INFO: [VRFC 10-311] analyzing module LED
INFO: [VRFC 10-2263] Analyzing Verilog file "C:/Users/hao/Desktop/code/verilog/cpu/cpu.srcs/sources_1/new/LOAD_PLUS.v" into library xil_defaultlib
INFO: [VRFC 10-311] analyzing module LOAD_PLUS
INFO: [VRFC 10-2263] Analyzing Verilog file "C:/Users/hao/Desktop/code/verilog/cpu/cpu.srcs/sources_1/new/MEM_WB.v" into library xil_defaultlib
INFO: [VRFC 10-311] analyzing module MEM_WB
INFO: [VRFC 10-2263] Analyzing Verilog file "C:/Users/hao/Desktop/code/verilog/cpu/cpu.srcs/sources_1/new/NPC_PLUS.v" into library xil_defaultlib
INFO: [VRFC 10-311] analyzing module NPC_PLUS
INFO: [VRFC 10-2263] Analyzing Verilog file "C:/Users/hao/Desktop/code/verilog/cpu/cpu.srcs/sources_1/new/PC_PLUS.v" into library xil_defaultlib
INFO: [VRFC 10-311] analyzing module PC_PLUS
INFO: [VRFC 10-2263] Analyzing Verilog file "C:/Users/hao/Desktop/code/verilog/cpu/cpu.srcs/sources_1/new/PipeLineCPU.v" into library xil_defaultlib
INFO: [VRFC 10-311] analyzing module PipeLineCPU
INFO: [VRFC 10-2263] Analyzing Verilog file "C:/Users/hao/Desktop/code/verilog/cpu/cpu.srcs/sources_1/new/RegFile_PLUS.v" into library xil_defaultlib
INFO: [VRFC 10-311] analyzing module RegFile_PLUS
INFO: [VRFC 10-2263] Analyzing Verilog file "C:/Users/hao/Desktop/code/verilog/cpu/cpu.srcs/sources_1/new/SEXT_PLUS.v" into library xil_defaultlib
INFO: [VRFC 10-311] analyzing module SEXT_PLUS
INFO: [VRFC 10-2263] Analyzing Verilog file "C:/Users/hao/Desktop/code/verilog/cpu/cpu.srcs/sources_1/new/STORE_PLUS.v" into library xil_defaultlib
INFO: [VRFC 10-311] analyzing module STORE_PLUS
INFO: [VRFC 10-2263] Analyzing Verilog file "C:/Users/hao/Desktop/code/verilog/cpu/cpu.srcs/sim_1/new/cpuclk_sim.v" into library xil_defaultlib
INFO: [VRFC 10-311] analyzing module cpuclk_sim
INFO: [USF-XSim-69] 'compile' step finished in '1' seconds
INFO: [USF-XSim-3] XSim::Elaborate design
INFO: [USF-XSim-61] Executing 'ELABORATE' step in 'C:/Users/hao/Desktop/code/verilog/cpu/cpu.sim/sim_1/behav/xsim'
Vivado Simulator 2018.3
Copyright 1986-1999, 2001-2018 Xilinx, Inc. All Rights Reserved.
Running: D:/vivado/Vivado/2018.3/bin/unwrapped/win64.o/xelab.exe -wto f924ca0449cd4293804ce734e84bc814 --incr --debug typical --relax --mt 2 -L dist_mem_gen_v8_0_12 -L xil_defaultlib -L unisims_ver -L unimacro_ver -L secureip -L xpm --snapshot cpuclk_sim_behav xil_defaultlib.cpuclk_sim xil_defaultlib.glbl -log elaborate.log 
Using 2 slave threads.
Starting static elaboration
ERROR: [VRFC 10-3180] cannot find port 'mem_bus_we' on this module [C:/Users/hao/Desktop/code/verilog/cpu/cpu.srcs/sources_1/new/PipeLineCPU.v:156]
ERROR: [VRFC 10-3180] cannot find port 'mem_rf_rr2' on this module [C:/Users/hao/Desktop/code/verilog/cpu/cpu.srcs/sources_1/new/PipeLineCPU.v:140]
ERROR: [VRFC 10-3180] cannot find port 'ex_rf_rr1' on this module [C:/Users/hao/Desktop/code/verilog/cpu/cpu.srcs/sources_1/new/PipeLineCPU.v:139]
ERROR: [XSIM 43-3322] Static elaboration of top level Verilog design unit(s) in library work failed.
INFO: [USF-XSim-69] 'elaborate' step finished in '1' seconds
INFO: [USF-XSim-99] Step results log file:'C:/Users/hao/Desktop/code/verilog/cpu/cpu.sim/sim_1/behav/xsim/elaborate.log'
ERROR: [USF-XSim-62] 'elaborate' step failed with error(s). Please check the Tcl console output or 'C:/Users/hao/Desktop/code/verilog/cpu/cpu.sim/sim_1/behav/xsim/elaborate.log' file for more information.
ERROR: [Vivado 12-4473] Detected error while running simulation. Please correct the issue and retry this operation.
ERROR: [Common 17-39] 'launch_simulation' failed due to earlier errors.
launch_simulation
INFO: [Vivado 12-5698] Checking validity of IPs in the design for the 'XSim' simulator...
INFO: [Vivado 12-5682] Launching behavioral simulation in 'C:/Users/hao/Desktop/code/verilog/cpu/cpu.sim/sim_1/behav/xsim'
INFO: [Vivado 12-4795] Using compiled simulation libraries for IPs
INFO: [SIM-utils-51] Simulation object is 'sim_1'
INFO: [USF-XSim-7] Finding pre-compiled libraries...
INFO: [USF-XSim-11] File 'D:/vivado/Vivado/2018.3/data/xsim/xsim.ini' copied to run dir:'C:/Users/hao/Desktop/code/verilog/cpu/cpu.sim/sim_1/behav/xsim'
INFO: [SIM-utils-54] Inspecting design source files for 'cpuclk_sim' in fileset 'sim_1'...
INFO: [SIM-utils-43] Exported 'C:/Users/hao/Desktop/code/verilog/cpu/cpu.sim/sim_1/behav/xsim/DRAM.mif'
INFO: [SIM-utils-43] Exported 'C:/Users/hao/Desktop/code/verilog/cpu/cpu.sim/sim_1/behav/xsim/data_ram.coe'
INFO: [SIM-utils-43] Exported 'C:/Users/hao/Desktop/code/verilog/cpu/cpu.sim/sim_1/behav/xsim/IROM.mif'
INFO: [SIM-utils-43] Exported 'C:/Users/hao/Desktop/code/verilog/cpu/cpu.sim/sim_1/behav/xsim/inst_ram.coe'
INFO: [SIM-utils-43] Exported 'C:/Users/hao/Desktop/code/verilog/cpu/cpu.sim/sim_1/behav/xsim/inst_ram.coe'
INFO: [SIM-utils-43] Exported 'C:/Users/hao/Desktop/code/verilog/cpu/cpu.sim/sim_1/behav/xsim/data_ram.coe'
INFO: [SIM-utils-43] Exported 'C:/Users/hao/Desktop/code/verilog/cpu/cpu.sim/sim_1/behav/xsim/inst_ram_lab1.coe'
INFO: [SIM-utils-43] Exported 'C:/Users/hao/Desktop/code/verilog/cpu/cpu.sim/sim_1/behav/xsim/prgrom.dcp'
INFO: [USF-XSim-97] Finding global include files...
INFO: [USF-XSim-98] Fetching design files from 'sim_1'...
INFO: [USF-XSim-2] XSim::Compile design
INFO: [USF-XSim-61] Executing 'COMPILE and ANALYZE' step in 'C:/Users/hao/Desktop/code/verilog/cpu/cpu.sim/sim_1/behav/xsim'
"xvlog --incr --relax -prj cpuclk_sim_vlog.prj"
INFO: [VRFC 10-2263] Analyzing Verilog file "C:/Users/hao/Desktop/code/verilog/cpu/cpu.srcs/sources_1/new/param.v" into library xil_defaultlib
INFO: [VRFC 10-2263] Analyzing Verilog file "C:/Users/hao/Desktop/code/verilog/cpu/cpu.srcs/sources_1/ip/DRAM/sim/DRAM.v" into library xil_defaultlib
INFO: [VRFC 10-311] analyzing module DRAM
INFO: [VRFC 10-2263] Analyzing Verilog file "C:/Users/hao/Desktop/code/verilog/cpu/cpu.srcs/sources_1/ip/IROM/sim/IROM.v" into library xil_defaultlib
INFO: [VRFC 10-311] analyzing module IROM
INFO: [VRFC 10-2263] Analyzing Verilog file "C:/Users/hao/Desktop/code/verilog/cpu/cpu.srcs/sources_1/ip/cpuclk/cpuclk_clk_wiz.v" into library xil_defaultlib
INFO: [VRFC 10-311] analyzing module cpuclk_clk_wiz
INFO: [VRFC 10-2263] Analyzing Verilog file "C:/Users/hao/Desktop/code/verilog/cpu/cpu.srcs/sources_1/ip/cpuclk/cpuclk.v" into library xil_defaultlib
INFO: [VRFC 10-311] analyzing module cpuclk
INFO: [VRFC 10-2263] Analyzing Verilog file "C:/Users/hao/Desktop/code/verilog/cpu/cpu.srcs/sources_1/new/ALU_PLUS.v" into library xil_defaultlib
INFO: [VRFC 10-311] analyzing module ALU_PLUS
INFO: [VRFC 10-2263] Analyzing Verilog file "C:/Users/hao/Desktop/code/verilog/cpu/cpu.srcs/sources_1/new/BUS.v" into library xil_defaultlib
INFO: [VRFC 10-311] analyzing module BUS
INFO: [VRFC 10-2263] Analyzing Verilog file "C:/Users/hao/Desktop/code/verilog/cpu/cpu.srcs/sources_1/new/CTRL_PLUS.v" into library xil_defaultlib
INFO: [VRFC 10-311] analyzing module CTRL_PLUS
INFO: [VRFC 10-2263] Analyzing Verilog file "C:/Users/hao/Desktop/code/verilog/cpu/cpu.srcs/sources_1/new/DightDriver.v" into library xil_defaultlib
INFO: [VRFC 10-311] analyzing module DightDriver
INFO: [VRFC 10-2263] Analyzing Verilog file "C:/Users/hao/Desktop/code/verilog/cpu/cpu.srcs/sources_1/new/EX_MEM.v" into library xil_defaultlib
INFO: [VRFC 10-311] analyzing module EX_MEM
INFO: [VRFC 10-2263] Analyzing Verilog file "C:/Users/hao/Desktop/code/verilog/cpu/cpu.srcs/sources_1/new/HAVE_INST.v" into library xil_defaultlib
INFO: [VRFC 10-311] analyzing module HAVE_INST
INFO: [VRFC 10-2263] Analyzing Verilog file "C:/Users/hao/Desktop/code/verilog/cpu/cpu.srcs/sources_1/new/Hazard.v" into library xil_defaultlib
INFO: [VRFC 10-311] analyzing module Hazard
INFO: [VRFC 10-2263] Analyzing Verilog file "C:/Users/hao/Desktop/code/verilog/cpu/cpu.srcs/sources_1/new/ID_EX.v" into library xil_defaultlib
INFO: [VRFC 10-311] analyzing module ID_EX
INFO: [VRFC 10-2263] Analyzing Verilog file "C:/Users/hao/Desktop/code/verilog/cpu/cpu.srcs/sources_1/new/IF_ID.v" into library xil_defaultlib
INFO: [VRFC 10-311] analyzing module IF_ID
INFO: [VRFC 10-2263] Analyzing Verilog file "C:/Users/hao/Desktop/code/verilog/cpu/cpu.srcs/sources_1/new/LED.v" into library xil_defaultlib
INFO: [VRFC 10-311] analyzing module LED
INFO: [VRFC 10-2263] Analyzing Verilog file "C:/Users/hao/Desktop/code/verilog/cpu/cpu.srcs/sources_1/new/LOAD_PLUS.v" into library xil_defaultlib
INFO: [VRFC 10-311] analyzing module LOAD_PLUS
INFO: [VRFC 10-2263] Analyzing Verilog file "C:/Users/hao/Desktop/code/verilog/cpu/cpu.srcs/sources_1/new/MEM_WB.v" into library xil_defaultlib
INFO: [VRFC 10-311] analyzing module MEM_WB
INFO: [VRFC 10-2263] Analyzing Verilog file "C:/Users/hao/Desktop/code/verilog/cpu/cpu.srcs/sources_1/new/NPC_PLUS.v" into library xil_defaultlib
INFO: [VRFC 10-311] analyzing module NPC_PLUS
INFO: [VRFC 10-2263] Analyzing Verilog file "C:/Users/hao/Desktop/code/verilog/cpu/cpu.srcs/sources_1/new/PC_PLUS.v" into library xil_defaultlib
INFO: [VRFC 10-311] analyzing module PC_PLUS
INFO: [VRFC 10-2263] Analyzing Verilog file "C:/Users/hao/Desktop/code/verilog/cpu/cpu.srcs/sources_1/new/PipeLineCPU.v" into library xil_defaultlib
INFO: [VRFC 10-311] analyzing module PipeLineCPU
INFO: [VRFC 10-2263] Analyzing Verilog file "C:/Users/hao/Desktop/code/verilog/cpu/cpu.srcs/sources_1/new/RegFile_PLUS.v" into library xil_defaultlib
INFO: [VRFC 10-311] analyzing module RegFile_PLUS
INFO: [VRFC 10-2263] Analyzing Verilog file "C:/Users/hao/Desktop/code/verilog/cpu/cpu.srcs/sources_1/new/SEXT_PLUS.v" into library xil_defaultlib
INFO: [VRFC 10-311] analyzing module SEXT_PLUS
INFO: [VRFC 10-2263] Analyzing Verilog file "C:/Users/hao/Desktop/code/verilog/cpu/cpu.srcs/sources_1/new/STORE_PLUS.v" into library xil_defaultlib
INFO: [VRFC 10-311] analyzing module STORE_PLUS
INFO: [VRFC 10-2263] Analyzing Verilog file "C:/Users/hao/Desktop/code/verilog/cpu/cpu.srcs/sim_1/new/cpuclk_sim.v" into library xil_defaultlib
INFO: [VRFC 10-311] analyzing module cpuclk_sim
INFO: [USF-XSim-69] 'compile' step finished in '1' seconds
INFO: [USF-XSim-3] XSim::Elaborate design
INFO: [USF-XSim-61] Executing 'ELABORATE' step in 'C:/Users/hao/Desktop/code/verilog/cpu/cpu.sim/sim_1/behav/xsim'
Vivado Simulator 2018.3
Copyright 1986-1999, 2001-2018 Xilinx, Inc. All Rights Reserved.
Running: D:/vivado/Vivado/2018.3/bin/unwrapped/win64.o/xelab.exe -wto f924ca0449cd4293804ce734e84bc814 --incr --debug typical --relax --mt 2 -L dist_mem_gen_v8_0_12 -L xil_defaultlib -L unisims_ver -L unimacro_ver -L secureip -L xpm --snapshot cpuclk_sim_behav xil_defaultlib.cpuclk_sim xil_defaultlib.glbl -log elaborate.log 
Using 2 slave threads.
Starting static elaboration
ERROR: [VRFC 10-3180] cannot find port 'mem_rf_rr2' on this module [C:/Users/hao/Desktop/code/verilog/cpu/cpu.srcs/sources_1/new/PipeLineCPU.v:139]
ERROR: [VRFC 10-3180] cannot find port 'ex_rf_rr1' on this module [C:/Users/hao/Desktop/code/verilog/cpu/cpu.srcs/sources_1/new/PipeLineCPU.v:138]
ERROR: [XSIM 43-3322] Static elaboration of top level Verilog design unit(s) in library work failed.
INFO: [USF-XSim-69] 'elaborate' step finished in '1' seconds
INFO: [USF-XSim-99] Step results log file:'C:/Users/hao/Desktop/code/verilog/cpu/cpu.sim/sim_1/behav/xsim/elaborate.log'
ERROR: [USF-XSim-62] 'elaborate' step failed with error(s). Please check the Tcl console output or 'C:/Users/hao/Desktop/code/verilog/cpu/cpu.sim/sim_1/behav/xsim/elaborate.log' file for more information.
ERROR: [Vivado 12-4473] Detected error while running simulation. Please correct the issue and retry this operation.
ERROR: [Common 17-39] 'launch_simulation' failed due to earlier errors.
launch_simulation
INFO: [Vivado 12-5698] Checking validity of IPs in the design for the 'XSim' simulator...
INFO: [Vivado 12-5682] Launching behavioral simulation in 'C:/Users/hao/Desktop/code/verilog/cpu/cpu.sim/sim_1/behav/xsim'
INFO: [Vivado 12-4795] Using compiled simulation libraries for IPs
INFO: [SIM-utils-51] Simulation object is 'sim_1'
INFO: [USF-XSim-7] Finding pre-compiled libraries...
INFO: [USF-XSim-11] File 'D:/vivado/Vivado/2018.3/data/xsim/xsim.ini' copied to run dir:'C:/Users/hao/Desktop/code/verilog/cpu/cpu.sim/sim_1/behav/xsim'
INFO: [SIM-utils-54] Inspecting design source files for 'cpuclk_sim' in fileset 'sim_1'...
INFO: [SIM-utils-43] Exported 'C:/Users/hao/Desktop/code/verilog/cpu/cpu.sim/sim_1/behav/xsim/DRAM.mif'
INFO: [SIM-utils-43] Exported 'C:/Users/hao/Desktop/code/verilog/cpu/cpu.sim/sim_1/behav/xsim/data_ram.coe'
INFO: [SIM-utils-43] Exported 'C:/Users/hao/Desktop/code/verilog/cpu/cpu.sim/sim_1/behav/xsim/IROM.mif'
INFO: [SIM-utils-43] Exported 'C:/Users/hao/Desktop/code/verilog/cpu/cpu.sim/sim_1/behav/xsim/inst_ram.coe'
INFO: [SIM-utils-43] Exported 'C:/Users/hao/Desktop/code/verilog/cpu/cpu.sim/sim_1/behav/xsim/inst_ram.coe'
INFO: [SIM-utils-43] Exported 'C:/Users/hao/Desktop/code/verilog/cpu/cpu.sim/sim_1/behav/xsim/data_ram.coe'
INFO: [SIM-utils-43] Exported 'C:/Users/hao/Desktop/code/verilog/cpu/cpu.sim/sim_1/behav/xsim/inst_ram_lab1.coe'
INFO: [SIM-utils-43] Exported 'C:/Users/hao/Desktop/code/verilog/cpu/cpu.sim/sim_1/behav/xsim/prgrom.dcp'
INFO: [USF-XSim-97] Finding global include files...
INFO: [USF-XSim-98] Fetching design files from 'sim_1'...
INFO: [USF-XSim-2] XSim::Compile design
INFO: [USF-XSim-61] Executing 'COMPILE and ANALYZE' step in 'C:/Users/hao/Desktop/code/verilog/cpu/cpu.sim/sim_1/behav/xsim'
"xvlog --incr --relax -prj cpuclk_sim_vlog.prj"
INFO: [VRFC 10-2263] Analyzing Verilog file "C:/Users/hao/Desktop/code/verilog/cpu/cpu.srcs/sources_1/new/param.v" into library xil_defaultlib
INFO: [VRFC 10-2263] Analyzing Verilog file "C:/Users/hao/Desktop/code/verilog/cpu/cpu.srcs/sources_1/ip/DRAM/sim/DRAM.v" into library xil_defaultlib
INFO: [VRFC 10-311] analyzing module DRAM
INFO: [VRFC 10-2263] Analyzing Verilog file "C:/Users/hao/Desktop/code/verilog/cpu/cpu.srcs/sources_1/ip/IROM/sim/IROM.v" into library xil_defaultlib
INFO: [VRFC 10-311] analyzing module IROM
INFO: [VRFC 10-2263] Analyzing Verilog file "C:/Users/hao/Desktop/code/verilog/cpu/cpu.srcs/sources_1/ip/cpuclk/cpuclk_clk_wiz.v" into library xil_defaultlib
INFO: [VRFC 10-311] analyzing module cpuclk_clk_wiz
INFO: [VRFC 10-2263] Analyzing Verilog file "C:/Users/hao/Desktop/code/verilog/cpu/cpu.srcs/sources_1/ip/cpuclk/cpuclk.v" into library xil_defaultlib
INFO: [VRFC 10-311] analyzing module cpuclk
INFO: [VRFC 10-2263] Analyzing Verilog file "C:/Users/hao/Desktop/code/verilog/cpu/cpu.srcs/sources_1/new/ALU_PLUS.v" into library xil_defaultlib
INFO: [VRFC 10-311] analyzing module ALU_PLUS
INFO: [VRFC 10-2263] Analyzing Verilog file "C:/Users/hao/Desktop/code/verilog/cpu/cpu.srcs/sources_1/new/BUS.v" into library xil_defaultlib
INFO: [VRFC 10-311] analyzing module BUS
INFO: [VRFC 10-2263] Analyzing Verilog file "C:/Users/hao/Desktop/code/verilog/cpu/cpu.srcs/sources_1/new/CTRL_PLUS.v" into library xil_defaultlib
INFO: [VRFC 10-311] analyzing module CTRL_PLUS
INFO: [VRFC 10-2263] Analyzing Verilog file "C:/Users/hao/Desktop/code/verilog/cpu/cpu.srcs/sources_1/new/DightDriver.v" into library xil_defaultlib
INFO: [VRFC 10-311] analyzing module DightDriver
INFO: [VRFC 10-2263] Analyzing Verilog file "C:/Users/hao/Desktop/code/verilog/cpu/cpu.srcs/sources_1/new/EX_MEM.v" into library xil_defaultlib
INFO: [VRFC 10-311] analyzing module EX_MEM
INFO: [VRFC 10-2263] Analyzing Verilog file "C:/Users/hao/Desktop/code/verilog/cpu/cpu.srcs/sources_1/new/HAVE_INST.v" into library xil_defaultlib
INFO: [VRFC 10-311] analyzing module HAVE_INST
INFO: [VRFC 10-2263] Analyzing Verilog file "C:/Users/hao/Desktop/code/verilog/cpu/cpu.srcs/sources_1/new/Hazard.v" into library xil_defaultlib
INFO: [VRFC 10-311] analyzing module Hazard
INFO: [VRFC 10-2263] Analyzing Verilog file "C:/Users/hao/Desktop/code/verilog/cpu/cpu.srcs/sources_1/new/ID_EX.v" into library xil_defaultlib
INFO: [VRFC 10-311] analyzing module ID_EX
INFO: [VRFC 10-2263] Analyzing Verilog file "C:/Users/hao/Desktop/code/verilog/cpu/cpu.srcs/sources_1/new/IF_ID.v" into library xil_defaultlib
INFO: [VRFC 10-311] analyzing module IF_ID
INFO: [VRFC 10-2263] Analyzing Verilog file "C:/Users/hao/Desktop/code/verilog/cpu/cpu.srcs/sources_1/new/LED.v" into library xil_defaultlib
INFO: [VRFC 10-311] analyzing module LED
INFO: [VRFC 10-2263] Analyzing Verilog file "C:/Users/hao/Desktop/code/verilog/cpu/cpu.srcs/sources_1/new/LOAD_PLUS.v" into library xil_defaultlib
INFO: [VRFC 10-311] analyzing module LOAD_PLUS
INFO: [VRFC 10-2263] Analyzing Verilog file "C:/Users/hao/Desktop/code/verilog/cpu/cpu.srcs/sources_1/new/MEM_WB.v" into library xil_defaultlib
INFO: [VRFC 10-311] analyzing module MEM_WB
INFO: [VRFC 10-2263] Analyzing Verilog file "C:/Users/hao/Desktop/code/verilog/cpu/cpu.srcs/sources_1/new/NPC_PLUS.v" into library xil_defaultlib
INFO: [VRFC 10-311] analyzing module NPC_PLUS
INFO: [VRFC 10-2263] Analyzing Verilog file "C:/Users/hao/Desktop/code/verilog/cpu/cpu.srcs/sources_1/new/PC_PLUS.v" into library xil_defaultlib
INFO: [VRFC 10-311] analyzing module PC_PLUS
INFO: [VRFC 10-2263] Analyzing Verilog file "C:/Users/hao/Desktop/code/verilog/cpu/cpu.srcs/sources_1/new/PipeLineCPU.v" into library xil_defaultlib
INFO: [VRFC 10-311] analyzing module PipeLineCPU
INFO: [VRFC 10-2263] Analyzing Verilog file "C:/Users/hao/Desktop/code/verilog/cpu/cpu.srcs/sources_1/new/RegFile_PLUS.v" into library xil_defaultlib
INFO: [VRFC 10-311] analyzing module RegFile_PLUS
INFO: [VRFC 10-2263] Analyzing Verilog file "C:/Users/hao/Desktop/code/verilog/cpu/cpu.srcs/sources_1/new/SEXT_PLUS.v" into library xil_defaultlib
INFO: [VRFC 10-311] analyzing module SEXT_PLUS
INFO: [VRFC 10-2263] Analyzing Verilog file "C:/Users/hao/Desktop/code/verilog/cpu/cpu.srcs/sources_1/new/STORE_PLUS.v" into library xil_defaultlib
INFO: [VRFC 10-311] analyzing module STORE_PLUS
INFO: [VRFC 10-2263] Analyzing Verilog file "C:/Users/hao/Desktop/code/verilog/cpu/cpu.srcs/sim_1/new/cpuclk_sim.v" into library xil_defaultlib
INFO: [VRFC 10-311] analyzing module cpuclk_sim
INFO: [USF-XSim-69] 'compile' step finished in '1' seconds
INFO: [USF-XSim-3] XSim::Elaborate design
INFO: [USF-XSim-61] Executing 'ELABORATE' step in 'C:/Users/hao/Desktop/code/verilog/cpu/cpu.sim/sim_1/behav/xsim'
Vivado Simulator 2018.3
Copyright 1986-1999, 2001-2018 Xilinx, Inc. All Rights Reserved.
Running: D:/vivado/Vivado/2018.3/bin/unwrapped/win64.o/xelab.exe -wto f924ca0449cd4293804ce734e84bc814 --incr --debug typical --relax --mt 2 -L dist_mem_gen_v8_0_12 -L xil_defaultlib -L unisims_ver -L unimacro_ver -L secureip -L xpm --snapshot cpuclk_sim_behav xil_defaultlib.cpuclk_sim xil_defaultlib.glbl -log elaborate.log 
Using 2 slave threads.
Starting static elaboration
WARNING: [VRFC 10-3091] actual bit length 16 differs from formal bit length 14 for port 'a' [C:/Users/hao/Desktop/code/verilog/cpu/cpu.srcs/sim_1/new/cpuclk_sim.v:157]
Completed static elaboration
Starting simulation data flow analysis
Completed simulation data flow analysis
Time Resolution for simulation is 1ps
Compiling module unisims_ver.IBUF
Compiling module unisims_ver.PLLE2_ADV(CLKFBOUT_MULT=44,CLKIN...
Compiling module unisims_ver.BUFG
Compiling module xil_defaultlib.cpuclk_clk_wiz
Compiling module xil_defaultlib.cpuclk
Compiling module dist_mem_gen_v8_0_12.dist_mem_gen_v8_0_12(C_FAMILY="a...
Compiling module xil_defaultlib.IROM
Compiling module xil_defaultlib.HAVE_INST
Compiling module xil_defaultlib.Hazard
Compiling module xil_defaultlib.PC_PLUS
Compiling module xil_defaultlib.NPC_PLUS
Compiling module xil_defaultlib.IF_ID
Compiling module xil_defaultlib.CTRL_PLUS
Compiling module xil_defaultlib.SEXT_PLUS
Compiling module xil_defaultlib.RegFile_PLUS
Compiling module xil_defaultlib.ID_EX
Compiling module xil_defaultlib.ALU_PLUS
Compiling module xil_defaultlib.EX_MEM
Compiling module xil_defaultlib.STORE_PLUS
Compiling module xil_defaultlib.LOAD_PLUS
Compiling module xil_defaultlib.MEM_WB
Compiling module xil_defaultlib.PipeLineCPU
Compiling module xil_defaultlib.BUS
Compiling module dist_mem_gen_v8_0_12.dist_mem_gen_v8_0_12(C_FAMILY="a...
Compiling module xil_defaultlib.DRAM
Compiling module xil_defaultlib.DightDriver
Compiling module xil_defaultlib.LED
Compiling module xil_defaultlib.cpuclk_sim
Compiling module xil_defaultlib.glbl
Built simulation snapshot cpuclk_sim_behav
INFO: [USF-XSim-69] 'elaborate' step finished in '3' seconds
INFO: [USF-XSim-4] XSim::Simulate design
INFO: [USF-XSim-61] Executing 'SIMULATE' step in 'C:/Users/hao/Desktop/code/verilog/cpu/cpu.sim/sim_1/behav/xsim'
INFO: [USF-XSim-98] *** Running xsim
   with args "cpuclk_sim_behav -key {Behavioral:sim_1:Functional:cpuclk_sim} -tclbatch {cpuclk_sim.tcl} -log {simulate.log}"
INFO: [USF-XSim-8] Loading simulator feature
Vivado Simulator 2018.3
Time resolution is 1 ps
source cpuclk_sim.tcl
# set curr_wave [current_wave_config]
# if { [string length $curr_wave] == 0 } {
#   if { [llength [get_objects]] > 0} {
#     add_wave /
#     set_property needs_save false [current_wave_config]
#   } else {
#      send_msg_id Add_Wave-1 WARNING "No top level signals found. Simulator will start without a wave window. If you want to open a wave window go to 'File->New Waveform Configuration' or type 'create_wave_config' in the TCL console."
#   }
# }
# log_wave -r /
WARNING: [Simtcl 6-197] One or more HDL objects could not be logged because of object type or size limitations.  To see details please rerun the command with -verbose (-v).
# run 100us
WARNING: This core is supplied with a behavioral model. To model cycle-accurate behavior you must run timing simulation.
WARNING: This core is supplied with a behavioral model. To model cycle-accurate behavior you must run timing simulation.
INFO: [USF-XSim-96] XSim completed. Design snapshot 'cpuclk_sim_behav' loaded.
INFO: [USF-XSim-97] XSim simulation ran for 100us
launch_simulation: Time (s): cpu = 00:00:03 ; elapsed = 00:00:09 . Memory (MB): peak = 887.906 ; gain = 0.000
close_sim
INFO: [Simtcl 6-16] Simulation closed
launch_simulation
INFO: [Vivado 12-5698] Checking validity of IPs in the design for the 'XSim' simulator...
INFO: [Vivado 12-5682] Launching behavioral simulation in 'C:/Users/hao/Desktop/code/verilog/cpu/cpu.sim/sim_1/behav/xsim'
INFO: [Vivado 12-4795] Using compiled simulation libraries for IPs
INFO: [SIM-utils-51] Simulation object is 'sim_1'
INFO: [USF-XSim-7] Finding pre-compiled libraries...
INFO: [USF-XSim-11] File 'D:/vivado/Vivado/2018.3/data/xsim/xsim.ini' copied to run dir:'C:/Users/hao/Desktop/code/verilog/cpu/cpu.sim/sim_1/behav/xsim'
INFO: [SIM-utils-54] Inspecting design source files for 'cpuclk_sim' in fileset 'sim_1'...
INFO: [SIM-utils-43] Exported 'C:/Users/hao/Desktop/code/verilog/cpu/cpu.sim/sim_1/behav/xsim/DRAM.mif'
INFO: [SIM-utils-43] Exported 'C:/Users/hao/Desktop/code/verilog/cpu/cpu.sim/sim_1/behav/xsim/data_ram.coe'
INFO: [SIM-utils-43] Exported 'C:/Users/hao/Desktop/code/verilog/cpu/cpu.sim/sim_1/behav/xsim/IROM.mif'
INFO: [SIM-utils-43] Exported 'C:/Users/hao/Desktop/code/verilog/cpu/cpu.sim/sim_1/behav/xsim/inst_ram.coe'
INFO: [SIM-utils-43] Exported 'C:/Users/hao/Desktop/code/verilog/cpu/cpu.sim/sim_1/behav/xsim/inst_ram.coe'
INFO: [SIM-utils-43] Exported 'C:/Users/hao/Desktop/code/verilog/cpu/cpu.sim/sim_1/behav/xsim/data_ram.coe'
INFO: [SIM-utils-43] Exported 'C:/Users/hao/Desktop/code/verilog/cpu/cpu.sim/sim_1/behav/xsim/inst_ram_lab1.coe'
INFO: [SIM-utils-43] Exported 'C:/Users/hao/Desktop/code/verilog/cpu/cpu.sim/sim_1/behav/xsim/prgrom.dcp'
INFO: [USF-XSim-97] Finding global include files...
INFO: [USF-XSim-98] Fetching design files from 'sim_1'...
INFO: [USF-XSim-2] XSim::Compile design
INFO: [USF-XSim-61] Executing 'COMPILE and ANALYZE' step in 'C:/Users/hao/Desktop/code/verilog/cpu/cpu.sim/sim_1/behav/xsim'
"xvlog --incr --relax -prj cpuclk_sim_vlog.prj"
INFO: [VRFC 10-2263] Analyzing Verilog file "C:/Users/hao/Desktop/code/verilog/cpu/cpu.srcs/sources_1/new/param.v" into library xil_defaultlib
INFO: [VRFC 10-2263] Analyzing Verilog file "C:/Users/hao/Desktop/code/verilog/cpu/cpu.srcs/sources_1/ip/DRAM/sim/DRAM.v" into library xil_defaultlib
INFO: [VRFC 10-311] analyzing module DRAM
INFO: [VRFC 10-2263] Analyzing Verilog file "C:/Users/hao/Desktop/code/verilog/cpu/cpu.srcs/sources_1/ip/IROM/sim/IROM.v" into library xil_defaultlib
INFO: [VRFC 10-311] analyzing module IROM
INFO: [VRFC 10-2263] Analyzing Verilog file "C:/Users/hao/Desktop/code/verilog/cpu/cpu.srcs/sources_1/ip/cpuclk/cpuclk_clk_wiz.v" into library xil_defaultlib
INFO: [VRFC 10-311] analyzing module cpuclk_clk_wiz
INFO: [VRFC 10-2263] Analyzing Verilog file "C:/Users/hao/Desktop/code/verilog/cpu/cpu.srcs/sources_1/ip/cpuclk/cpuclk.v" into library xil_defaultlib
INFO: [VRFC 10-311] analyzing module cpuclk
INFO: [VRFC 10-2263] Analyzing Verilog file "C:/Users/hao/Desktop/code/verilog/cpu/cpu.srcs/sources_1/new/ALU_PLUS.v" into library xil_defaultlib
INFO: [VRFC 10-311] analyzing module ALU_PLUS
INFO: [VRFC 10-2263] Analyzing Verilog file "C:/Users/hao/Desktop/code/verilog/cpu/cpu.srcs/sources_1/new/BUS.v" into library xil_defaultlib
INFO: [VRFC 10-311] analyzing module BUS
INFO: [VRFC 10-2263] Analyzing Verilog file "C:/Users/hao/Desktop/code/verilog/cpu/cpu.srcs/sources_1/new/CTRL_PLUS.v" into library xil_defaultlib
INFO: [VRFC 10-311] analyzing module CTRL_PLUS
INFO: [VRFC 10-2263] Analyzing Verilog file "C:/Users/hao/Desktop/code/verilog/cpu/cpu.srcs/sources_1/new/DightDriver.v" into library xil_defaultlib
INFO: [VRFC 10-311] analyzing module DightDriver
INFO: [VRFC 10-2263] Analyzing Verilog file "C:/Users/hao/Desktop/code/verilog/cpu/cpu.srcs/sources_1/new/EX_MEM.v" into library xil_defaultlib
INFO: [VRFC 10-311] analyzing module EX_MEM
INFO: [VRFC 10-2263] Analyzing Verilog file "C:/Users/hao/Desktop/code/verilog/cpu/cpu.srcs/sources_1/new/HAVE_INST.v" into library xil_defaultlib
INFO: [VRFC 10-311] analyzing module HAVE_INST
INFO: [VRFC 10-2263] Analyzing Verilog file "C:/Users/hao/Desktop/code/verilog/cpu/cpu.srcs/sources_1/new/Hazard.v" into library xil_defaultlib
INFO: [VRFC 10-311] analyzing module Hazard
INFO: [VRFC 10-2263] Analyzing Verilog file "C:/Users/hao/Desktop/code/verilog/cpu/cpu.srcs/sources_1/new/ID_EX.v" into library xil_defaultlib
INFO: [VRFC 10-311] analyzing module ID_EX
INFO: [VRFC 10-2263] Analyzing Verilog file "C:/Users/hao/Desktop/code/verilog/cpu/cpu.srcs/sources_1/new/IF_ID.v" into library xil_defaultlib
INFO: [VRFC 10-311] analyzing module IF_ID
INFO: [VRFC 10-2263] Analyzing Verilog file "C:/Users/hao/Desktop/code/verilog/cpu/cpu.srcs/sources_1/new/LED.v" into library xil_defaultlib
INFO: [VRFC 10-311] analyzing module LED
INFO: [VRFC 10-2263] Analyzing Verilog file "C:/Users/hao/Desktop/code/verilog/cpu/cpu.srcs/sources_1/new/LOAD_PLUS.v" into library xil_defaultlib
INFO: [VRFC 10-311] analyzing module LOAD_PLUS
INFO: [VRFC 10-2263] Analyzing Verilog file "C:/Users/hao/Desktop/code/verilog/cpu/cpu.srcs/sources_1/new/MEM_WB.v" into library xil_defaultlib
INFO: [VRFC 10-311] analyzing module MEM_WB
INFO: [VRFC 10-2263] Analyzing Verilog file "C:/Users/hao/Desktop/code/verilog/cpu/cpu.srcs/sources_1/new/NPC_PLUS.v" into library xil_defaultlib
INFO: [VRFC 10-311] analyzing module NPC_PLUS
INFO: [VRFC 10-2263] Analyzing Verilog file "C:/Users/hao/Desktop/code/verilog/cpu/cpu.srcs/sources_1/new/PC_PLUS.v" into library xil_defaultlib
INFO: [VRFC 10-311] analyzing module PC_PLUS
INFO: [VRFC 10-2263] Analyzing Verilog file "C:/Users/hao/Desktop/code/verilog/cpu/cpu.srcs/sources_1/new/PipeLineCPU.v" into library xil_defaultlib
INFO: [VRFC 10-311] analyzing module PipeLineCPU
INFO: [VRFC 10-2263] Analyzing Verilog file "C:/Users/hao/Desktop/code/verilog/cpu/cpu.srcs/sources_1/new/RegFile_PLUS.v" into library xil_defaultlib
INFO: [VRFC 10-311] analyzing module RegFile_PLUS
INFO: [VRFC 10-2263] Analyzing Verilog file "C:/Users/hao/Desktop/code/verilog/cpu/cpu.srcs/sources_1/new/SEXT_PLUS.v" into library xil_defaultlib
INFO: [VRFC 10-311] analyzing module SEXT_PLUS
INFO: [VRFC 10-2263] Analyzing Verilog file "C:/Users/hao/Desktop/code/verilog/cpu/cpu.srcs/sources_1/new/STORE_PLUS.v" into library xil_defaultlib
INFO: [VRFC 10-311] analyzing module STORE_PLUS
INFO: [VRFC 10-2263] Analyzing Verilog file "C:/Users/hao/Desktop/code/verilog/cpu/cpu.srcs/sim_1/new/cpuclk_sim.v" into library xil_defaultlib
INFO: [VRFC 10-311] analyzing module cpuclk_sim
INFO: [USF-XSim-69] 'compile' step finished in '1' seconds
INFO: [USF-XSim-3] XSim::Elaborate design
INFO: [USF-XSim-61] Executing 'ELABORATE' step in 'C:/Users/hao/Desktop/code/verilog/cpu/cpu.sim/sim_1/behav/xsim'
Vivado Simulator 2018.3
Copyright 1986-1999, 2001-2018 Xilinx, Inc. All Rights Reserved.
Running: D:/vivado/Vivado/2018.3/bin/unwrapped/win64.o/xelab.exe -wto f924ca0449cd4293804ce734e84bc814 --incr --debug typical --relax --mt 2 -L dist_mem_gen_v8_0_12 -L xil_defaultlib -L unisims_ver -L unimacro_ver -L secureip -L xpm --snapshot cpuclk_sim_behav xil_defaultlib.cpuclk_sim xil_defaultlib.glbl -log elaborate.log 
Using 2 slave threads.
Starting static elaboration
WARNING: [VRFC 10-3091] actual bit length 16 differs from formal bit length 14 for port 'a' [C:/Users/hao/Desktop/code/verilog/cpu/cpu.srcs/sim_1/new/cpuclk_sim.v:157]
Completed static elaboration
Starting simulation data flow analysis
Completed simulation data flow analysis
Time Resolution for simulation is 1ps
Compiling module unisims_ver.IBUF
Compiling module unisims_ver.PLLE2_ADV(CLKFBOUT_MULT=44,CLKIN...
Compiling module unisims_ver.BUFG
Compiling module xil_defaultlib.cpuclk_clk_wiz
Compiling module xil_defaultlib.cpuclk
Compiling module dist_mem_gen_v8_0_12.dist_mem_gen_v8_0_12(C_FAMILY="a...
Compiling module xil_defaultlib.IROM
Compiling module xil_defaultlib.HAVE_INST
Compiling module xil_defaultlib.Hazard
Compiling module xil_defaultlib.PC_PLUS
Compiling module xil_defaultlib.NPC_PLUS
Compiling module xil_defaultlib.IF_ID
Compiling module xil_defaultlib.CTRL_PLUS
Compiling module xil_defaultlib.SEXT_PLUS
Compiling module xil_defaultlib.RegFile_PLUS
Compiling module xil_defaultlib.ID_EX
Compiling module xil_defaultlib.ALU_PLUS
Compiling module xil_defaultlib.EX_MEM
Compiling module xil_defaultlib.STORE_PLUS
Compiling module xil_defaultlib.LOAD_PLUS
Compiling module xil_defaultlib.MEM_WB
Compiling module xil_defaultlib.PipeLineCPU
Compiling module xil_defaultlib.BUS
Compiling module dist_mem_gen_v8_0_12.dist_mem_gen_v8_0_12(C_FAMILY="a...
Compiling module xil_defaultlib.DRAM
Compiling module xil_defaultlib.DightDriver
Compiling module xil_defaultlib.LED
Compiling module xil_defaultlib.cpuclk_sim
Compiling module xil_defaultlib.glbl
Built simulation snapshot cpuclk_sim_behav
INFO: [USF-XSim-69] 'elaborate' step finished in '2' seconds
INFO: [USF-XSim-4] XSim::Simulate design
INFO: [USF-XSim-61] Executing 'SIMULATE' step in 'C:/Users/hao/Desktop/code/verilog/cpu/cpu.sim/sim_1/behav/xsim'
INFO: [USF-XSim-98] *** Running xsim
   with args "cpuclk_sim_behav -key {Behavioral:sim_1:Functional:cpuclk_sim} -tclbatch {cpuclk_sim.tcl} -log {simulate.log}"
INFO: [USF-XSim-8] Loading simulator feature
Vivado Simulator 2018.3
Time resolution is 1 ps
source cpuclk_sim.tcl
# set curr_wave [current_wave_config]
# if { [string length $curr_wave] == 0 } {
#   if { [llength [get_objects]] > 0} {
#     add_wave /
#     set_property needs_save false [current_wave_config]
#   } else {
#      send_msg_id Add_Wave-1 WARNING "No top level signals found. Simulator will start without a wave window. If you want to open a wave window go to 'File->New Waveform Configuration' or type 'create_wave_config' in the TCL console."
#   }
# }
# log_wave -r /
WARNING: [Simtcl 6-197] One or more HDL objects could not be logged because of object type or size limitations.  To see details please rerun the command with -verbose (-v).
# run 100us
WARNING: This core is supplied with a behavioral model. To model cycle-accurate behavior you must run timing simulation.
WARNING: This core is supplied with a behavioral model. To model cycle-accurate behavior you must run timing simulation.
INFO: [USF-XSim-96] XSim completed. Design snapshot 'cpuclk_sim_behav' loaded.
INFO: [USF-XSim-97] XSim simulation ran for 100us
launch_simulation: Time (s): cpu = 00:00:04 ; elapsed = 00:00:08 . Memory (MB): peak = 1109.926 ; gain = 0.000
close_sim
INFO: [Simtcl 6-16] Simulation closed
launch_simulation
INFO: [Vivado 12-5698] Checking validity of IPs in the design for the 'XSim' simulator...
INFO: [Vivado 12-5682] Launching behavioral simulation in 'C:/Users/hao/Desktop/code/verilog/cpu/cpu.sim/sim_1/behav/xsim'
INFO: [Vivado 12-4795] Using compiled simulation libraries for IPs
INFO: [SIM-utils-51] Simulation object is 'sim_1'
INFO: [USF-XSim-7] Finding pre-compiled libraries...
INFO: [USF-XSim-11] File 'D:/vivado/Vivado/2018.3/data/xsim/xsim.ini' copied to run dir:'C:/Users/hao/Desktop/code/verilog/cpu/cpu.sim/sim_1/behav/xsim'
INFO: [SIM-utils-54] Inspecting design source files for 'cpuclk_sim' in fileset 'sim_1'...
INFO: [SIM-utils-43] Exported 'C:/Users/hao/Desktop/code/verilog/cpu/cpu.sim/sim_1/behav/xsim/DRAM.mif'
INFO: [SIM-utils-43] Exported 'C:/Users/hao/Desktop/code/verilog/cpu/cpu.sim/sim_1/behav/xsim/data_ram.coe'
INFO: [SIM-utils-43] Exported 'C:/Users/hao/Desktop/code/verilog/cpu/cpu.sim/sim_1/behav/xsim/IROM.mif'
INFO: [SIM-utils-43] Exported 'C:/Users/hao/Desktop/code/verilog/cpu/cpu.sim/sim_1/behav/xsim/inst_ram.coe'
INFO: [SIM-utils-43] Exported 'C:/Users/hao/Desktop/code/verilog/cpu/cpu.sim/sim_1/behav/xsim/inst_ram.coe'
INFO: [SIM-utils-43] Exported 'C:/Users/hao/Desktop/code/verilog/cpu/cpu.sim/sim_1/behav/xsim/data_ram.coe'
INFO: [SIM-utils-43] Exported 'C:/Users/hao/Desktop/code/verilog/cpu/cpu.sim/sim_1/behav/xsim/inst_ram_lab1.coe'
INFO: [SIM-utils-43] Exported 'C:/Users/hao/Desktop/code/verilog/cpu/cpu.sim/sim_1/behav/xsim/prgrom.dcp'
INFO: [USF-XSim-97] Finding global include files...
INFO: [USF-XSim-98] Fetching design files from 'sim_1'...
INFO: [USF-XSim-2] XSim::Compile design
INFO: [USF-XSim-61] Executing 'COMPILE and ANALYZE' step in 'C:/Users/hao/Desktop/code/verilog/cpu/cpu.sim/sim_1/behav/xsim'
"xvlog --incr --relax -prj cpuclk_sim_vlog.prj"
INFO: [VRFC 10-2263] Analyzing Verilog file "C:/Users/hao/Desktop/code/verilog/cpu/cpu.srcs/sources_1/new/param.v" into library xil_defaultlib
INFO: [VRFC 10-2263] Analyzing Verilog file "C:/Users/hao/Desktop/code/verilog/cpu/cpu.srcs/sources_1/ip/DRAM/sim/DRAM.v" into library xil_defaultlib
INFO: [VRFC 10-311] analyzing module DRAM
INFO: [VRFC 10-2263] Analyzing Verilog file "C:/Users/hao/Desktop/code/verilog/cpu/cpu.srcs/sources_1/ip/IROM/sim/IROM.v" into library xil_defaultlib
INFO: [VRFC 10-311] analyzing module IROM
INFO: [VRFC 10-2263] Analyzing Verilog file "C:/Users/hao/Desktop/code/verilog/cpu/cpu.srcs/sources_1/ip/cpuclk/cpuclk_clk_wiz.v" into library xil_defaultlib
INFO: [VRFC 10-311] analyzing module cpuclk_clk_wiz
INFO: [VRFC 10-2263] Analyzing Verilog file "C:/Users/hao/Desktop/code/verilog/cpu/cpu.srcs/sources_1/ip/cpuclk/cpuclk.v" into library xil_defaultlib
INFO: [VRFC 10-311] analyzing module cpuclk
INFO: [VRFC 10-2263] Analyzing Verilog file "C:/Users/hao/Desktop/code/verilog/cpu/cpu.srcs/sources_1/new/ALU_PLUS.v" into library xil_defaultlib
INFO: [VRFC 10-311] analyzing module ALU_PLUS
INFO: [VRFC 10-2263] Analyzing Verilog file "C:/Users/hao/Desktop/code/verilog/cpu/cpu.srcs/sources_1/new/BUS.v" into library xil_defaultlib
INFO: [VRFC 10-311] analyzing module BUS
INFO: [VRFC 10-2263] Analyzing Verilog file "C:/Users/hao/Desktop/code/verilog/cpu/cpu.srcs/sources_1/new/CTRL_PLUS.v" into library xil_defaultlib
INFO: [VRFC 10-311] analyzing module CTRL_PLUS
INFO: [VRFC 10-2263] Analyzing Verilog file "C:/Users/hao/Desktop/code/verilog/cpu/cpu.srcs/sources_1/new/DightDriver.v" into library xil_defaultlib
INFO: [VRFC 10-311] analyzing module DightDriver
INFO: [VRFC 10-2263] Analyzing Verilog file "C:/Users/hao/Desktop/code/verilog/cpu/cpu.srcs/sources_1/new/EX_MEM.v" into library xil_defaultlib
INFO: [VRFC 10-311] analyzing module EX_MEM
INFO: [VRFC 10-2263] Analyzing Verilog file "C:/Users/hao/Desktop/code/verilog/cpu/cpu.srcs/sources_1/new/HAVE_INST.v" into library xil_defaultlib
INFO: [VRFC 10-311] analyzing module HAVE_INST
INFO: [VRFC 10-2263] Analyzing Verilog file "C:/Users/hao/Desktop/code/verilog/cpu/cpu.srcs/sources_1/new/Hazard.v" into library xil_defaultlib
INFO: [VRFC 10-311] analyzing module Hazard
INFO: [VRFC 10-2263] Analyzing Verilog file "C:/Users/hao/Desktop/code/verilog/cpu/cpu.srcs/sources_1/new/ID_EX.v" into library xil_defaultlib
INFO: [VRFC 10-311] analyzing module ID_EX
INFO: [VRFC 10-2263] Analyzing Verilog file "C:/Users/hao/Desktop/code/verilog/cpu/cpu.srcs/sources_1/new/IF_ID.v" into library xil_defaultlib
INFO: [VRFC 10-311] analyzing module IF_ID
INFO: [VRFC 10-2263] Analyzing Verilog file "C:/Users/hao/Desktop/code/verilog/cpu/cpu.srcs/sources_1/new/LED.v" into library xil_defaultlib
INFO: [VRFC 10-311] analyzing module LED
INFO: [VRFC 10-2263] Analyzing Verilog file "C:/Users/hao/Desktop/code/verilog/cpu/cpu.srcs/sources_1/new/LOAD_PLUS.v" into library xil_defaultlib
INFO: [VRFC 10-311] analyzing module LOAD_PLUS
INFO: [VRFC 10-2263] Analyzing Verilog file "C:/Users/hao/Desktop/code/verilog/cpu/cpu.srcs/sources_1/new/MEM_WB.v" into library xil_defaultlib
INFO: [VRFC 10-311] analyzing module MEM_WB
INFO: [VRFC 10-2263] Analyzing Verilog file "C:/Users/hao/Desktop/code/verilog/cpu/cpu.srcs/sources_1/new/NPC_PLUS.v" into library xil_defaultlib
INFO: [VRFC 10-311] analyzing module NPC_PLUS
INFO: [VRFC 10-2263] Analyzing Verilog file "C:/Users/hao/Desktop/code/verilog/cpu/cpu.srcs/sources_1/new/PC_PLUS.v" into library xil_defaultlib
INFO: [VRFC 10-311] analyzing module PC_PLUS
INFO: [VRFC 10-2263] Analyzing Verilog file "C:/Users/hao/Desktop/code/verilog/cpu/cpu.srcs/sources_1/new/PipeLineCPU.v" into library xil_defaultlib
INFO: [VRFC 10-311] analyzing module PipeLineCPU
INFO: [VRFC 10-2263] Analyzing Verilog file "C:/Users/hao/Desktop/code/verilog/cpu/cpu.srcs/sources_1/new/RegFile_PLUS.v" into library xil_defaultlib
INFO: [VRFC 10-311] analyzing module RegFile_PLUS
INFO: [VRFC 10-2263] Analyzing Verilog file "C:/Users/hao/Desktop/code/verilog/cpu/cpu.srcs/sources_1/new/SEXT_PLUS.v" into library xil_defaultlib
INFO: [VRFC 10-311] analyzing module SEXT_PLUS
INFO: [VRFC 10-2263] Analyzing Verilog file "C:/Users/hao/Desktop/code/verilog/cpu/cpu.srcs/sources_1/new/STORE_PLUS.v" into library xil_defaultlib
INFO: [VRFC 10-311] analyzing module STORE_PLUS
INFO: [VRFC 10-2263] Analyzing Verilog file "C:/Users/hao/Desktop/code/verilog/cpu/cpu.srcs/sim_1/new/cpuclk_sim.v" into library xil_defaultlib
INFO: [VRFC 10-311] analyzing module cpuclk_sim
INFO: [USF-XSim-69] 'compile' step finished in '1' seconds
INFO: [USF-XSim-3] XSim::Elaborate design
INFO: [USF-XSim-61] Executing 'ELABORATE' step in 'C:/Users/hao/Desktop/code/verilog/cpu/cpu.sim/sim_1/behav/xsim'
Vivado Simulator 2018.3
Copyright 1986-1999, 2001-2018 Xilinx, Inc. All Rights Reserved.
Running: D:/vivado/Vivado/2018.3/bin/unwrapped/win64.o/xelab.exe -wto f924ca0449cd4293804ce734e84bc814 --incr --debug typical --relax --mt 2 -L dist_mem_gen_v8_0_12 -L xil_defaultlib -L unisims_ver -L unimacro_ver -L secureip -L xpm --snapshot cpuclk_sim_behav xil_defaultlib.cpuclk_sim xil_defaultlib.glbl -log elaborate.log 
Using 2 slave threads.
Starting static elaboration
Completed static elaboration
Starting simulation data flow analysis
Completed simulation data flow analysis
Time Resolution for simulation is 1ps
Compiling module unisims_ver.IBUF
Compiling module unisims_ver.PLLE2_ADV(CLKFBOUT_MULT=44,CLKIN...
Compiling module unisims_ver.BUFG
Compiling module xil_defaultlib.cpuclk_clk_wiz
Compiling module xil_defaultlib.cpuclk
Compiling module dist_mem_gen_v8_0_12.dist_mem_gen_v8_0_12(C_FAMILY="a...
Compiling module xil_defaultlib.IROM
Compiling module xil_defaultlib.HAVE_INST
Compiling module xil_defaultlib.Hazard
Compiling module xil_defaultlib.PC_PLUS
Compiling module xil_defaultlib.NPC_PLUS
Compiling module xil_defaultlib.IF_ID
Compiling module xil_defaultlib.CTRL_PLUS
Compiling module xil_defaultlib.SEXT_PLUS
Compiling module xil_defaultlib.RegFile_PLUS
Compiling module xil_defaultlib.ID_EX
Compiling module xil_defaultlib.ALU_PLUS
Compiling module xil_defaultlib.EX_MEM
Compiling module xil_defaultlib.STORE_PLUS
Compiling module xil_defaultlib.LOAD_PLUS
Compiling module xil_defaultlib.MEM_WB
Compiling module xil_defaultlib.PipeLineCPU
Compiling module xil_defaultlib.BUS
Compiling module dist_mem_gen_v8_0_12.dist_mem_gen_v8_0_12(C_FAMILY="a...
Compiling module xil_defaultlib.DRAM
Compiling module xil_defaultlib.DightDriver
Compiling module xil_defaultlib.LED
Compiling module xil_defaultlib.cpuclk_sim
Compiling module xil_defaultlib.glbl
Built simulation snapshot cpuclk_sim_behav
INFO: [USF-XSim-69] 'elaborate' step finished in '2' seconds
INFO: [USF-XSim-4] XSim::Simulate design
INFO: [USF-XSim-61] Executing 'SIMULATE' step in 'C:/Users/hao/Desktop/code/verilog/cpu/cpu.sim/sim_1/behav/xsim'
INFO: [USF-XSim-98] *** Running xsim
   with args "cpuclk_sim_behav -key {Behavioral:sim_1:Functional:cpuclk_sim} -tclbatch {cpuclk_sim.tcl} -log {simulate.log}"
INFO: [USF-XSim-8] Loading simulator feature
Vivado Simulator 2018.3
Time resolution is 1 ps
source cpuclk_sim.tcl
# set curr_wave [current_wave_config]
# if { [string length $curr_wave] == 0 } {
#   if { [llength [get_objects]] > 0} {
#     add_wave /
#     set_property needs_save false [current_wave_config]
#   } else {
#      send_msg_id Add_Wave-1 WARNING "No top level signals found. Simulator will start without a wave window. If you want to open a wave window go to 'File->New Waveform Configuration' or type 'create_wave_config' in the TCL console."
#   }
# }
# log_wave -r /
WARNING: [Simtcl 6-197] One or more HDL objects could not be logged because of object type or size limitations.  To see details please rerun the command with -verbose (-v).
# run 100us
WARNING: This core is supplied with a behavioral model. To model cycle-accurate behavior you must run timing simulation.
WARNING: This core is supplied with a behavioral model. To model cycle-accurate behavior you must run timing simulation.
INFO: [USF-XSim-96] XSim completed. Design snapshot 'cpuclk_sim_behav' loaded.
INFO: [USF-XSim-97] XSim simulation ran for 100us
launch_simulation: Time (s): cpu = 00:00:04 ; elapsed = 00:00:07 . Memory (MB): peak = 1237.727 ; gain = 1.273
close_sim
INFO: [Simtcl 6-16] Simulation closed
exit
INFO: [Common 17-206] Exiting Vivado at Tue Jul 19 19:40:30 2022...
